{
  "Plan": {
    "Node Type": "Aggregate",
    "Strategy": "Plain",
    "Partial Mode": "Simple",
    "Parallel Aware": false,
    "Async Capable": false,
    "Startup Cost": 129683.42,
    "Total Cost": 129683.43,
    "Plan Rows": 1,
    "Plan Width": 128,
    "Actual Startup Time": 1595.442,
    "Actual Total Time": 1595.453,
    "Actual Rows": 1,
    "Actual Loops": 1,
    "Output": [
      "min((mi.info)::text)",
      "min((mi_idx.info)::text)",
      "min((n.name)::text)",
      "min((t.title)::text)"
    ],
    "Plans": [
      {
        "Node Type": "Hash Join",
        "Parent Relationship": "Outer",
        "Parallel Aware": false,
        "Async Capable": false,
        "Join Type": "Inner",
        "Startup Cost": 21592.45,
        "Total Cost": 129673.42,
        "Plan Rows": 1000,
        "Plan Width": 78,
        "Actual Startup Time": 430.491,
        "Actual Total Time": 1594.669,
        "Actual Rows": 1000,
        "Actual Loops": 1,
        "Output": [
          "mi.info",
          "mi_idx.info",
          "n.name",
          "t.title"
        ],
        "Inner Unique": true,
        "Hash Cond": "(mk.keyword_id = k.id)",
        "Plans": [
          {
            "Node Type": "Nested Loop",
            "Parent Relationship": "Outer",
            "Parallel Aware": false,
            "Async Capable": false,
            "Join Type": "Inner",
            "Startup Cost": 18127.67,
            "Total Cost": 126112.91,
            "Plan Rows": 36469,
            "Plan Width": 82,
            "Actual Startup Time": 315.859,
            "Actual Total Time": 1475.944,
            "Actual Rows": 36469,
            "Actual Loops": 1,
            "Output": [
              "mi.info",
              "mi_idx.info",
              "mk.keyword_id",
              "n.name",
              "t.title"
            ],
            "Inner Unique": false,
            "Plans": [
              {
                "Node Type": "Nested Loop",
                "Parent Relationship": "Outer",
                "Parallel Aware": false,
                "Async Capable": false,
                "Join Type": "Inner",
                "Startup Cost": 18127.24,
                "Total Cost": 125438.26,
                "Plan Rows": 393,
                "Plan Width": 98,
                "Actual Startup Time": 315.802,
                "Actual Total Time": 1458.985,
                "Actual Rows": 393,
                "Actual Loops": 1,
                "Output": [
                  "ci.movie_id",
                  "mc.movie_id",
                  "mi.info",
                  "mi.movie_id",
                  "mi_idx.info",
                  "mi_idx.movie_id",
                  "n.name",
                  "t.title",
                  "t.id"
                ],
                "Inner Unique": true,
                "Join Filter": "(mi.movie_id = t.id)",
                "Rows Removed by Join Filter": 0,
                "Plans": [
                  {
                    "Node Type": "Hash Join",
                    "Parent Relationship": "Outer",
                    "Parallel Aware": false,
                    "Async Capable": false,
                    "Join Type": "Inner",
                    "Startup Cost": 18126.81,
                    "Total Cost": 125231.61,
                    "Plan Rows": 393,
                    "Plan Width": 77,
                    "Actual Startup Time": 315.742,
                    "Actual Total Time": 1455.996,
                    "Actual Rows": 393,
                    "Actual Loops": 1,
                    "Output": [
                      "ci.movie_id",
                      "mc.movie_id",
                      "mi.info",
                      "mi.movie_id",
                      "mi_idx.info",
                      "mi_idx.movie_id",
                      "n.name"
                    ],
                    "Inner Unique": false,
                    "Hash Cond": "(((c.name_pcode_nf)::text = (n.name_pcode_nf)::text) AND ((c.surname_pcode)::text = (n.name_pcode_cf)::text))",
                    "Plans": [
                      {
                        "Node Type": "Seq Scan",
                        "Parent Relationship": "Outer",
                        "Parallel Aware": false,
                        "Async Capable": false,
                        "Relation Name": "char_name",
                        "Schema": "public",
                        "Alias": "c",
                        "Startup Cost": 0.0,
                        "Total Cost": 67850.39,
                        "Plan Rows": 3140339,
                        "Plan Width": 9,
                        "Actual Startup Time": 0.033,
                        "Actual Total Time": 298.736,
                        "Actual Rows": 3140339,
                        "Actual Loops": 1,
                        "Output": [
                          "c.id",
                          "c.name",
                          "c.imdb_index",
                          "c.imdb_id",
                          "c.name_pcode_nf",
                          "c.surname_pcode",
                          "c.md5sum"
                        ]
                      },
                      {
                        "Node Type": "Hash",
                        "Parent Relationship": "Inner",
                        "Parallel Aware": false,
                        "Async Capable": false,
                        "Startup Cost": 18120.23,
                        "Total Cost": 18120.23,
                        "Plan Rows": 439,
                        "Plan Width": 87,
                        "Actual Startup Time": 313.526,
                        "Actual Total Time": 313.534,
                        "Actual Rows": 439,
                        "Actual Loops": 1,
                        "Output": [
                          "ci.movie_id",
                          "mc.movie_id",
                          "mi.info",
                          "mi.movie_id",
                          "mi_idx.info",
                          "mi_idx.movie_id",
                          "n.name",
                          "n.name_pcode_nf",
                          "n.name_pcode_cf"
                        ],
                        "Hash Buckets": 1024,
                        "Original Hash Buckets": 1024,
                        "Hash Batches": 1,
                        "Original Hash Batches": 1,
                        "Peak Memory Usage": 48,
                        "Plans": [
                          {
                            "Node Type": "Nested Loop",
                            "Parent Relationship": "Outer",
                            "Parallel Aware": false,
                            "Async Capable": false,
                            "Join Type": "Inner",
                            "Startup Cost": 2.16,
                            "Total Cost": 18120.23,
                            "Plan Rows": 439,
                            "Plan Width": 87,
                            "Actual Startup Time": 5.772,
                            "Actual Total Time": 313.019,
                            "Actual Rows": 439,
                            "Actual Loops": 1,
                            "Output": [
                              "ci.movie_id",
                              "mc.movie_id",
                              "mi.info",
                              "mi.movie_id",
                              "mi_idx.info",
                              "mi_idx.movie_id",
                              "n.name",
                              "n.name_pcode_nf",
                              "n.name_pcode_cf"
                            ],
                            "Inner Unique": false,
                            "Join Filter": "(it2.id = mi_idx.info_type_id)",
                            "Rows Removed by Join Filter": 894,
                            "Plans": [
                              {
                                "Node Type": "Seq Scan",
                                "Parent Relationship": "Outer",
                                "Parallel Aware": false,
                                "Async Capable": false,
                                "Relation Name": "info_type",
                                "Schema": "public",
                                "Alias": "it2",
                                "Startup Cost": 0.0,
                                "Total Cost": 2.41,
                                "Plan Rows": 1,
                                "Plan Width": 4,
                                "Actual Startup Time": 0.028,
                                "Actual Total Time": 0.031,
                                "Actual Rows": 1,
                                "Actual Loops": 1,
                                "Output": [
                                  "it2.id",
                                  "it2.info"
                                ],
                                "Filter": "((it2.info)::text = 'votes'::text)",
                                "Rows Removed by Filter": 112
                              },
                              {
                                "Node Type": "Nested Loop",
                                "Parent Relationship": "Inner",
                                "Parallel Aware": false,
                                "Async Capable": false,
                                "Join Type": "Inner",
                                "Startup Cost": 2.16,
                                "Total Cost": 18101.15,
                                "Plan Rows": 1333,
                                "Plan Width": 91,
                                "Actual Startup Time": 5.733,
                                "Actual Total Time": 312.723,
                                "Actual Rows": 1333,
                                "Actual Loops": 1,
                                "Output": [
                                  "ci.movie_id",
                                  "mc.movie_id",
                                  "mi.info",
                                  "mi.movie_id",
                                  "mi_idx.info",
                                  "mi_idx.movie_id",
                                  "mi_idx.info_type_id",
                                  "n.name",
                                  "n.name_pcode_nf",
                                  "n.name_pcode_cf"
                                ],
                                "Inner Unique": false,
                                "Join Filter": "(mi.movie_id = mi_idx.movie_id)",
                                "Rows Removed by Join Filter": 0,
                                "Plans": [
                                  {
                                    "Node Type": "Nested Loop",
                                    "Parent Relationship": "Outer",
                                    "Parallel Aware": false,
                                    "Async Capable": false,
                                    "Join Type": "Inner",
                                    "Startup Cost": 1.73,
                                    "Total Cost": 17864.1,
                                    "Plan Rows": 444,
                                    "Plan Width": 78,
                                    "Actual Startup Time": 5.677,
                                    "Actual Total Time": 308.574,
                                    "Actual Rows": 444,
                                    "Actual Loops": 1,
                                    "Output": [
                                      "ci.movie_id",
                                      "mc.movie_id",
                                      "mi.info",
                                      "mi.movie_id",
                                      "n.name",
                                      "n.name_pcode_nf",
                                      "n.name_pcode_cf"
                                    ],
                                    "Inner Unique": true,
                                    "Plans": [
                                      {
                                        "Node Type": "Nested Loop",
                                        "Parent Relationship": "Outer",
                                        "Parallel Aware": false,
                                        "Async Capable": false,
                                        "Join Type": "Inner",
                                        "Startup Cost": 1.3,
                                        "Total Cost": 17466.12,
                                        "Plan Rows": 594,
                                        "Plan Width": 57,
                                        "Actual Startup Time": 4.885,
                                        "Actual Total Time": 301.227,
                                        "Actual Rows": 594,
                                        "Actual Loops": 1,
                                        "Output": [
                                          "ci.movie_id",
                                          "ci.person_id",
                                          "mc.movie_id",
                                          "mi.info",
                                          "mi.movie_id"
                                        ],
                                        "Inner Unique": false,
                                        "Join Filter": "(ci.movie_id = mi.movie_id)",
                                        "Rows Removed by Join Filter": 0,
                                        "Plans": [
                                          {
                                            "Node Type": "Nested Loop",
                                            "Parent Relationship": "Outer",
                                            "Parallel Aware": false,
                                            "Async Capable": false,
                                            "Join Type": "Inner",
                                            "Startup Cost": 0.86,
                                            "Total Cost": 16164.04,
                                            "Plan Rows": 724,
                                            "Plan Width": 49,
                                            "Actual Startup Time": 3.117,
                                            "Actual Total Time": 150.544,
                                            "Actual Rows": 724,
                                            "Actual Loops": 1,
                                            "Output": [
                                              "mc.movie_id",
                                              "mi.info",
                                              "mi.movie_id"
                                            ],
                                            "Inner Unique": false,
                                            "Join Filter": "(it1.id = mi.info_type_id)",
                                            "Rows Removed by Join Filter": 22,
                                            "Plans": [
                                              {
                                                "Node Type": "Seq Scan",
                                                "Parent Relationship": "Outer",
                                                "Parallel Aware": false,
                                                "Async Capable": false,
                                                "Relation Name": "info_type",
                                                "Schema": "public",
                                                "Alias": "it1",
                                                "Startup Cost": 0.0,
                                                "Total Cost": 2.41,
                                                "Plan Rows": 1,
                                                "Plan Width": 4,
                                                "Actual Startup Time": 0.008,
                                                "Actual Total Time": 0.021,
                                                "Actual Rows": 1,
                                                "Actual Loops": 1,
                                                "Output": [
                                                  "it1.id",
                                                  "it1.info"
                                                ],
                                                "Filter": "((it1.info)::text = 'genres'::text)",
                                                "Rows Removed by Filter": 112
                                              },
                                              {
                                                "Node Type": "Nested Loop",
                                                "Parent Relationship": "Inner",
                                                "Parallel Aware": false,
                                                "Async Capable": false,
                                                "Join Type": "Inner",
                                                "Startup Cost": 0.86,
                                                "Total Cost": 16152.3,
                                                "Plan Rows": 746,
                                                "Plan Width": 53,
                                                "Actual Startup Time": 3.101,
                                                "Actual Total Time": 150.276,
                                                "Actual Rows": 746,
                                                "Actual Loops": 1,
                                                "Output": [
                                                  "mc.movie_id",
                                                  "mi.info",
                                                  "mi.movie_id",
                                                  "mi.info_type_id"
                                                ],
                                                "Inner Unique": false,
                                                "Plans": [
                                                  {
                                                    "Node Type": "Nested Loop",
                                                    "Parent Relationship": "Outer",
                                                    "Parallel Aware": false,
                                                    "Async Capable": false,
                                                    "Join Type": "Inner",
                                                    "Startup Cost": 0.43,
                                                    "Total Cost": 13356.15,
                                                    "Plan Rows": 1814,
                                                    "Plan Width": 4,
                                                    "Actual Startup Time": 1.304,
                                                    "Actual Total Time": 41.522,
                                                    "Actual Rows": 1814,
                                                    "Actual Loops": 1,
                                                    "Output": [
                                                      "mc.movie_id"
                                                    ],
                                                    "Inner Unique": false,
                                                    "Plans": [
                                                      {
                                                        "Node Type": "Seq Scan",
                                                        "Parent Relationship": "Outer",
                                                        "Parallel Aware": false,
                                                        "Async Capable": false,
                                                        "Relation Name": "company_name",
                                                        "Schema": "public",
                                                        "Alias": "cn",
                                                        "Startup Cost": 0.0,
                                                        "Total Cost": 5932.46,
                                                        "Plan Rows": 23,
                                                        "Plan Width": 4,
                                                        "Actual Startup Time": 1.219,
                                                        "Actual Total Time": 34.222,
                                                        "Actual Rows": 10,
                                                        "Actual Loops": 1,
                                                        "Output": [
                                                          "cn.id",
                                                          "cn.name",
                                                          "cn.country_code",
                                                          "cn.imdb_id",
                                                          "cn.name_pcode_nf",
                                                          "cn.name_pcode_sf",
                                                          "cn.md5sum"
                                                        ],
                                                        "Filter": "((cn.name)::text ~~ 'Lionsgate%'::text)",
                                                        "Rows Removed by Filter": 234987
                                                      },
                                                      {
                                                        "Node Type": "Index Scan",
                                                        "Parent Relationship": "Inner",
                                                        "Parallel Aware": false,
                                                        "Async Capable": false,
                                                        "Scan Direction": "Forward",
                                                        "Index Name": "idx_movie_companies_company_id",
                                                        "Relation Name": "movie_companies",
                                                        "Schema": "public",
                                                        "Alias": "mc",
                                                        "Startup Cost": 0.43,
                                                        "Total Cost": 321.46,
                                                        "Plan Rows": 131,
                                                        "Plan Width": 8,
                                                        "Actual Startup Time": 0.028,
                                                        "Actual Total Time": 0.676,
                                                        "Actual Rows": 181,
                                                        "Actual Loops": 10,
                                                        "Output": [
                                                          "mc.id",
                                                          "mc.movie_id",
                                                          "mc.company_id",
                                                          "mc.company_type_id",
                                                          "mc.note"
                                                        ],
                                                        "Index Cond": "(mc.company_id = cn.id)",
                                                        "Rows Removed by Index Recheck": 0
                                                      }
                                                    ]
                                                  },
                                                  {
                                                    "Node Type": "Index Scan",
                                                    "Parent Relationship": "Inner",
                                                    "Parallel Aware": false,
                                                    "Async Capable": false,
                                                    "Scan Direction": "Forward",
                                                    "Index Name": "idx_movie_info_movie_id",
                                                    "Relation Name": "movie_info",
                                                    "Schema": "public",
                                                    "Alias": "mi",
                                                    "Startup Cost": 0.43,
                                                    "Total Cost": 1.53,
                                                    "Plan Rows": 1,
                                                    "Plan Width": 49,
                                                    "Actual Startup Time": 0.059,
                                                    "Actual Total Time": 0.059,
                                                    "Actual Rows": 0,
                                                    "Actual Loops": 1814,
                                                    "Output": [
                                                      "mi.id",
                                                      "mi.movie_id",
                                                      "mi.info_type_id",
                                                      "mi.info",
                                                      "mi.note"
                                                    ],
                                                    "Index Cond": "(mi.movie_id = mc.movie_id)",
                                                    "Rows Removed by Index Recheck": 0,
                                                    "Filter": "((mi.info)::text = ANY ('{Horror,Thriller}'::text[]))",
                                                    "Rows Removed by Filter": 61
                                                  }
                                                ]
                                              }
                                            ]
                                          },
                                          {
                                            "Node Type": "Index Scan",
                                            "Parent Relationship": "Inner",
                                            "Parallel Aware": false,
                                            "Async Capable": false,
                                            "Scan Direction": "Forward",
                                            "Index Name": "idx_cast_info_movie_id",
                                            "Relation Name": "cast_info",
                                            "Schema": "public",
                                            "Alias": "ci",
                                            "Startup Cost": 0.44,
                                            "Total Cost": 1.79,
                                            "Plan Rows": 1,
                                            "Plan Width": 8,
                                            "Actual Startup Time": 0.159,
                                            "Actual Total Time": 0.207,
                                            "Actual Rows": 1,
                                            "Actual Loops": 724,
                                            "Output": [
                                              "ci.id",
                                              "ci.person_id",
                                              "ci.movie_id",
                                              "ci.person_role_id",
                                              "ci.note",
                                              "ci.nr_order",
                                              "ci.role_id"
                                            ],
                                            "Index Cond": "(ci.movie_id = mc.movie_id)",
                                            "Rows Removed by Index Recheck": 0,
                                            "Filter": "((ci.note)::text = ANY ('{(writer),\"(head writer)\",\"(written by)\",(story),\"(story editor)\"}'::text[]))",
                                            "Rows Removed by Filter": 88
                                          }
                                        ]
                                      },
                                      {
                                        "Node Type": "Index Scan",
                                        "Parent Relationship": "Inner",
                                        "Parallel Aware": false,
                                        "Async Capable": false,
                                        "Scan Direction": "Forward",
                                        "Index Name": "idx_name_id",
                                        "Relation Name": "name",
                                        "Schema": "public",
                                        "Alias": "n",
                                        "Startup Cost": 0.43,
                                        "Total Cost": 0.67,
                                        "Plan Rows": 1,
                                        "Plan Width": 29,
                                        "Actual Startup Time": 0.011,
                                        "Actual Total Time": 0.011,
                                        "Actual Rows": 1,
                                        "Actual Loops": 594,
                                        "Output": [
                                          "n.id",
                                          "n.name",
                                          "n.imdb_index",
                                          "n.imdb_id",
                                          "n.gender",
                                          "n.name_pcode_cf",
                                          "n.name_pcode_nf",
                                          "n.surname_pcode",
                                          "n.md5sum"
                                        ],
                                        "Index Cond": "(n.id = ci.person_id)",
                                        "Rows Removed by Index Recheck": 0,
                                        "Filter": "((n.gender)::text = 'm'::text)",
                                        "Rows Removed by Filter": 0
                                      }
                                    ]
                                  },
                                  {
                                    "Node Type": "Index Scan",
                                    "Parent Relationship": "Inner",
                                    "Parallel Aware": false,
                                    "Async Capable": false,
                                    "Scan Direction": "Forward",
                                    "Index Name": "idx_movie_info_idx_movie_id",
                                    "Relation Name": "movie_info_idx",
                                    "Schema": "public",
                                    "Alias": "mi_idx",
                                    "Startup Cost": 0.43,
                                    "Total Cost": 0.5,
                                    "Plan Rows": 3,
                                    "Plan Width": 13,
                                    "Actual Startup Time": 0.007,
                                    "Actual Total Time": 0.008,
                                    "Actual Rows": 3,
                                    "Actual Loops": 444,
                                    "Output": [
                                      "mi_idx.id",
                                      "mi_idx.movie_id",
                                      "mi_idx.info_type_id",
                                      "mi_idx.info",
                                      "mi_idx.note"
                                    ],
                                    "Index Cond": "(mi_idx.movie_id = mc.movie_id)",
                                    "Rows Removed by Index Recheck": 0
                                  }
                                ]
                              }
                            ]
                          }
                        ]
                      }
                    ]
                  },
                  {
                    "Node Type": "Index Scan",
                    "Parent Relationship": "Inner",
                    "Parallel Aware": false,
                    "Async Capable": false,
                    "Scan Direction": "Forward",
                    "Index Name": "idx_title_id",
                    "Relation Name": "title",
                    "Schema": "public",
                    "Alias": "t",
                    "Startup Cost": 0.43,
                    "Total Cost": 0.51,
                    "Plan Rows": 1,
                    "Plan Width": 21,
                    "Actual Startup Time": 0.006,
                    "Actual Total Time": 0.006,
                    "Actual Rows": 1,
                    "Actual Loops": 393,
                    "Output": [
                      "t.id",
                      "t.title",
                      "t.imdb_index",
                      "t.kind_id",
                      "t.production_year",
                      "t.imdb_id",
                      "t.phonetic_code",
                      "t.episode_of_id",
                      "t.season_nr",
                      "t.episode_nr",
                      "t.series_years",
                      "t.md5sum"
                    ],
                    "Index Cond": "(t.id = mc.movie_id)",
                    "Rows Removed by Index Recheck": 0
                  }
                ]
              },
              {
                "Node Type": "Index Scan",
                "Parent Relationship": "Inner",
                "Parallel Aware": false,
                "Async Capable": false,
                "Scan Direction": "Forward",
                "Index Name": "idx_movie_keyword_movie_id",
                "Relation Name": "movie_keyword",
                "Schema": "public",
                "Alias": "mk",
                "Startup Cost": 0.43,
                "Total Cost": 1.27,
                "Plan Rows": 45,
                "Plan Width": 8,
                "Actual Startup Time": 0.006,
                "Actual Total Time": 0.026,
                "Actual Rows": 93,
                "Actual Loops": 393,
                "Output": [
                  "mk.id",
                  "mk.movie_id",
                  "mk.keyword_id"
                ],
                "Index Cond": "(mk.movie_id = t.id)",
                "Rows Removed by Index Recheck": 0
              }
            ]
          },
          {
            "Node Type": "Hash",
            "Parent Relationship": "Inner",
            "Parallel Aware": false,
            "Async Capable": false,
            "Startup Cost": 3464.69,
            "Total Cost": 3464.69,
            "Plan Rows": 7,
            "Plan Width": 4,
            "Actual Startup Time": 114.586,
            "Actual Total Time": 114.587,
            "Actual Rows": 7,
            "Actual Loops": 1,
            "Output": [
              "k.id"
            ],
            "Hash Buckets": 1024,
            "Original Hash Buckets": 1024,
            "Hash Batches": 1,
            "Original Hash Batches": 1,
            "Peak Memory Usage": 9,
            "Plans": [
              {
                "Node Type": "Seq Scan",
                "Parent Relationship": "Outer",
                "Parallel Aware": false,
                "Async Capable": false,
                "Relation Name": "keyword",
                "Schema": "public",
                "Alias": "k",
                "Startup Cost": 0.0,
                "Total Cost": 3464.69,
                "Plan Rows": 7,
                "Plan Width": 4,
                "Actual Startup Time": 71.485,
                "Actual Total Time": 114.567,
                "Actual Rows": 7,
                "Actual Loops": 1,
                "Output": [
                  "k.id"
                ],
                "Filter": "((k.keyword)::text = ANY ('{murder,violence,blood,gore,death,female-nudity,hospital}'::text[]))",
                "Rows Removed by Filter": 134163
              }
            ]
          }
        ]
      }
    ]
  },
  "Planning Time": 246.968,
  "Triggers": [],
  "JIT": {
    "Functions": 81,
    "Options": {
      "Inlining": false,
      "Optimization": false,
      "Expressions": true,
      "Deforming": true
    },
    "Timing": {
      "Generation": 6.011,
      "Inlining": 0.0,
      "Optimization": 2.03,
      "Emission": 68.353,
      "Total": 76.394
    }
  },
  "Execution Time": 1629.099
}