{
  "Plan": {
    "Node Type": "Aggregate",
    "Strategy": "Plain",
    "Partial Mode": "Simple",
    "Parallel Aware": false,
    "Async Capable": false,
    "Startup Cost": 136353.99,
    "Total Cost": 136354.0,
    "Plan Rows": 1,
    "Plan Width": 96,
    "Actual Startup Time": 1989.008,
    "Actual Total Time": 1989.017,
    "Actual Rows": 1,
    "Actual Loops": 1,
    "Output": [
      "min((mi.info)::text)",
      "min((miidx.info)::text)",
      "min((t.title)::text)"
    ],
    "Plans": [
      {
        "Node Type": "Hash Join",
        "Parent Relationship": "Outer",
        "Parallel Aware": false,
        "Async Capable": false,
        "Join Type": "Inner",
        "Startup Cost": 59488.07,
        "Total Cost": 135520.73,
        "Plan Rows": 111101,
        "Plan Width": 64,
        "Actual Startup Time": 1015.848,
        "Actual Total Time": 1935.42,
        "Actual Rows": 111101,
        "Actual Loops": 1,
        "Output": [
          "mi.info",
          "miidx.info",
          "t.title"
        ],
        "Inner Unique": true,
        "Hash Cond": "(mi.info_type_id = it2.id)",
        "Plans": [
          {
            "Node Type": "Nested Loop",
            "Parent Relationship": "Outer",
            "Parallel Aware": false,
            "Async Capable": false,
            "Join Type": "Inner",
            "Startup Cost": 59485.64,
            "Total Cost": 134112.12,
            "Plan Rows": 516327,
            "Plan Width": 68,
            "Actual Startup Time": 966.548,
            "Actual Total Time": 1814.276,
            "Actual Rows": 516327,
            "Actual Loops": 1,
            "Output": [
              "mi.info",
              "mi.info_type_id",
              "miidx.info",
              "t.title"
            ],
            "Inner Unique": false,
            "Plans": [
              {
                "Node Type": "Hash Join",
                "Parent Relationship": "Outer",
                "Parallel Aware": false,
                "Async Capable": false,
                "Join Type": "Inner",
                "Startup Cost": 59485.21,
                "Total Cost": 103679.4,
                "Plan Rows": 16470,
                "Plan Width": 34,
                "Actual Startup Time": 966.491,
                "Actual Total Time": 1380.164,
                "Actual Rows": 16470,
                "Actual Loops": 1,
                "Output": [
                  "mc.movie_id",
                  "miidx.info",
                  "miidx.movie_id",
                  "t.title",
                  "t.id"
                ],
                "Inner Unique": true,
                "Hash Cond": "(t.kind_id = kt.id)",
                "Plans": [
                  {
                    "Node Type": "Nested Loop",
                    "Parent Relationship": "Outer",
                    "Parallel Aware": false,
                    "Async Capable": false,
                    "Join Type": "Inner",
                    "Startup Cost": 59484.11,
                    "Total Cost": 103545.51,
                    "Plan Rows": 31510,
                    "Plan Width": 38,
                    "Actual Startup Time": 741.802,
                    "Actual Total Time": 1368.779,
                    "Actual Rows": 31510,
                    "Actual Loops": 1,
                    "Output": [
                      "mc.movie_id",
                      "miidx.info",
                      "miidx.movie_id",
                      "t.title",
                      "t.id",
                      "t.kind_id"
                    ],
                    "Inner Unique": true,
                    "Plans": [
                      {
                        "Node Type": "Hash Join",
                        "Parent Relationship": "Outer",
                        "Parallel Aware": false,
                        "Async Capable": false,
                        "Join Type": "Inner",
                        "Startup Cost": 59483.68,
                        "Total Cost": 87370.81,
                        "Plan Rows": 31510,
                        "Plan Width": 13,
                        "Actual Startup Time": 741.718,
                        "Actual Total Time": 1215.507,
                        "Actual Rows": 31510,
                        "Actual Loops": 1,
                        "Output": [
                          "mc.movie_id",
                          "miidx.info",
                          "miidx.movie_id"
                        ],
                        "Inner Unique": false,
                        "Hash Cond": "(miidx.movie_id = mc.movie_id)",
                        "Plans": [
                          {
                            "Node Type": "Hash Join",
                            "Parent Relationship": "Outer",
                            "Parallel Aware": false,
                            "Async Capable": false,
                            "Join Type": "Inner",
                            "Startup Cost": 2.43,
                            "Total Cost": 25496.24,
                            "Plan Rows": 459925,
                            "Plan Width": 9,
                            "Actual Startup Time": 0.08,
                            "Actual Total Time": 388.984,
                            "Actual Rows": 459925,
                            "Actual Loops": 1,
                            "Output": [
                              "miidx.info",
                              "miidx.movie_id"
                            ],
                            "Inner Unique": true,
                            "Hash Cond": "(miidx.info_type_id = it.id)",
                            "Plans": [
                              {
                                "Node Type": "Seq Scan",
                                "Parent Relationship": "Outer",
                                "Parallel Aware": false,
                                "Async Capable": false,
                                "Relation Name": "movie_info_idx",
                                "Schema": "public",
                                "Alias": "miidx",
                                "Startup Cost": 0.0,
                                "Total Cost": 21735.35,
                                "Plan Rows": 1380035,
                                "Plan Width": 13,
                                "Actual Startup Time": 0.028,
                                "Actual Total Time": 131.04,
                                "Actual Rows": 1380035,
                                "Actual Loops": 1,
                                "Output": [
                                  "miidx.id",
                                  "miidx.movie_id",
                                  "miidx.info_type_id",
                                  "miidx.info",
                                  "miidx.note"
                                ]
                              },
                              {
                                "Node Type": "Hash",
                                "Parent Relationship": "Inner",
                                "Parallel Aware": false,
                                "Async Capable": false,
                                "Startup Cost": 2.41,
                                "Total Cost": 2.41,
                                "Plan Rows": 1,
                                "Plan Width": 4,
                                "Actual Startup Time": 0.027,
                                "Actual Total Time": 0.028,
                                "Actual Rows": 1,
                                "Actual Loops": 1,
                                "Output": [
                                  "it.id"
                                ],
                                "Hash Buckets": 1024,
                                "Original Hash Buckets": 1024,
                                "Hash Batches": 1,
                                "Original Hash Batches": 1,
                                "Peak Memory Usage": 9,
                                "Plans": [
                                  {
                                    "Node Type": "Seq Scan",
                                    "Parent Relationship": "Outer",
                                    "Parallel Aware": false,
                                    "Async Capable": false,
                                    "Relation Name": "info_type",
                                    "Schema": "public",
                                    "Alias": "it",
                                    "Startup Cost": 0.0,
                                    "Total Cost": 2.41,
                                    "Plan Rows": 1,
                                    "Plan Width": 4,
                                    "Actual Startup Time": 0.02,
                                    "Actual Total Time": 0.022,
                                    "Actual Rows": 1,
                                    "Actual Loops": 1,
                                    "Output": [
                                      "it.id"
                                    ],
                                    "Filter": "((it.info)::text = 'rating'::text)",
                                    "Rows Removed by Filter": 112
                                  }
                                ]
                              }
                            ]
                          },
                          {
                            "Node Type": "Hash",
                            "Parent Relationship": "Inner",
                            "Parallel Aware": false,
                            "Async Capable": false,
                            "Startup Cost": 58590.08,
                            "Total Cost": 58590.08,
                            "Plan Rows": 71294,
                            "Plan Width": 4,
                            "Actual Startup Time": 740.509,
                            "Actual Total Time": 740.512,
                            "Actual Rows": 71294,
                            "Actual Loops": 1,
                            "Output": [
                              "mc.movie_id"
                            ],
                            "Hash Buckets": 131072,
                            "Original Hash Buckets": 131072,
                            "Hash Batches": 1,
                            "Original Hash Batches": 1,
                            "Peak Memory Usage": 3531,
                            "Plans": [
                              {
                                "Node Type": "Hash Join",
                                "Parent Relationship": "Outer",
                                "Parallel Aware": false,
                                "Async Capable": false,
                                "Join Type": "Inner",
                                "Startup Cost": 6058.86,
                                "Total Cost": 58590.08,
                                "Plan Rows": 71294,
                                "Plan Width": 4,
                                "Actual Startup Time": 383.187,
                                "Actual Total Time": 724.106,
                                "Actual Rows": 71294,
                                "Actual Loops": 1,
                                "Output": [
                                  "mc.movie_id"
                                ],
                                "Inner Unique": true,
                                "Hash Cond": "(mc.company_type_id = ct.id)",
                                "Plans": [
                                  {
                                    "Node Type": "Hash Join",
                                    "Parent Relationship": "Outer",
                                    "Parallel Aware": false,
                                    "Async Capable": false,
                                    "Join Type": "Inner",
                                    "Startup Cost": 6057.8,
                                    "Total Cost": 57788.18,
                                    "Plan Rows": 148132,
                                    "Plan Width": 8,
                                    "Actual Startup Time": 44.567,
                                    "Actual Total Time": 697.848,
                                    "Actual Rows": 148132,
                                    "Actual Loops": 1,
                                    "Output": [
                                      "mc.movie_id",
                                      "mc.company_type_id"
                                    ],
                                    "Inner Unique": true,
                                    "Hash Cond": "(mc.company_id = cn.id)",
                                    "Plans": [
                                      {
                                        "Node Type": "Seq Scan",
                                        "Parent Relationship": "Outer",
                                        "Parallel Aware": false,
                                        "Async Capable": false,
                                        "Relation Name": "movie_companies",
                                        "Schema": "public",
                                        "Alias": "mc",
                                        "Startup Cost": 0.0,
                                        "Total Cost": 44881.29,
                                        "Plan Rows": 2609129,
                                        "Plan Width": 12,
                                        "Actual Startup Time": 0.025,
                                        "Actual Total Time": 233.862,
                                        "Actual Rows": 2609129,
                                        "Actual Loops": 1,
                                        "Output": [
                                          "mc.id",
                                          "mc.movie_id",
                                          "mc.company_id",
                                          "mc.company_type_id",
                                          "mc.note"
                                        ]
                                      },
                                      {
                                        "Node Type": "Hash",
                                        "Parent Relationship": "Inner",
                                        "Parallel Aware": false,
                                        "Async Capable": false,
                                        "Startup Cost": 5932.46,
                                        "Total Cost": 5932.46,
                                        "Plan Rows": 10027,
                                        "Plan Width": 4,
                                        "Actual Startup Time": 44.359,
                                        "Actual Total Time": 44.36,
                                        "Actual Rows": 9775,
                                        "Actual Loops": 1,
                                        "Output": [
                                          "cn.id"
                                        ],
                                        "Hash Buckets": 16384,
                                        "Original Hash Buckets": 16384,
                                        "Hash Batches": 1,
                                        "Original Hash Batches": 1,
                                        "Peak Memory Usage": 472,
                                        "Plans": [
                                          {
                                            "Node Type": "Seq Scan",
                                            "Parent Relationship": "Outer",
                                            "Parallel Aware": false,
                                            "Async Capable": false,
                                            "Relation Name": "company_name",
                                            "Schema": "public",
                                            "Alias": "cn",
                                            "Startup Cost": 0.0,
                                            "Total Cost": 5932.46,
                                            "Plan Rows": 10027,
                                            "Plan Width": 4,
                                            "Actual Startup Time": 0.02,
                                            "Actual Total Time": 42.329,
                                            "Actual Rows": 9775,
                                            "Actual Loops": 1,
                                            "Output": [
                                              "cn.id"
                                            ],
                                            "Filter": "((cn.country_code)::text = '[de]'::text)",
                                            "Rows Removed by Filter": 225222
                                          }
                                        ]
                                      }
                                    ]
                                  },
                                  {
                                    "Node Type": "Hash",
                                    "Parent Relationship": "Inner",
                                    "Parallel Aware": false,
                                    "Async Capable": false,
                                    "Startup Cost": 1.05,
                                    "Total Cost": 1.05,
                                    "Plan Rows": 1,
                                    "Plan Width": 4,
                                    "Actual Startup Time": 0.032,
                                    "Actual Total Time": 0.033,
                                    "Actual Rows": 1,
                                    "Actual Loops": 1,
                                    "Output": [
                                      "ct.id"
                                    ],
                                    "Hash Buckets": 1024,
                                    "Original Hash Buckets": 1024,
                                    "Hash Batches": 1,
                                    "Original Hash Batches": 1,
                                    "Peak Memory Usage": 9,
                                    "Plans": [
                                      {
                                        "Node Type": "Seq Scan",
                                        "Parent Relationship": "Outer",
                                        "Parallel Aware": false,
                                        "Async Capable": false,
                                        "Relation Name": "company_type",
                                        "Schema": "public",
                                        "Alias": "ct",
                                        "Startup Cost": 0.0,
                                        "Total Cost": 1.05,
                                        "Plan Rows": 1,
                                        "Plan Width": 4,
                                        "Actual Startup Time": 0.026,
                                        "Actual Total Time": 0.028,
                                        "Actual Rows": 1,
                                        "Actual Loops": 1,
                                        "Output": [
                                          "ct.id"
                                        ],
                                        "Filter": "((ct.kind)::text = 'production companies'::text)",
                                        "Rows Removed by Filter": 3
                                      }
                                    ]
                                  }
                                ]
                              }
                            ]
                          }
                        ]
                      },
                      {
                        "Node Type": "Index Scan",
                        "Parent Relationship": "Inner",
                        "Parallel Aware": false,
                        "Async Capable": false,
                        "Scan Direction": "Forward",
                        "Index Name": "idx_title_id",
                        "Relation Name": "title",
                        "Schema": "public",
                        "Alias": "t",
                        "Startup Cost": 0.43,
                        "Total Cost": 0.51,
                        "Plan Rows": 1,
                        "Plan Width": 25,
                        "Actual Startup Time": 0.004,
                        "Actual Total Time": 0.004,
                        "Actual Rows": 1,
                        "Actual Loops": 31510,
                        "Output": [
                          "t.id",
                          "t.title",
                          "t.imdb_index",
                          "t.kind_id",
                          "t.production_year",
                          "t.imdb_id",
                          "t.phonetic_code",
                          "t.episode_of_id",
                          "t.season_nr",
                          "t.episode_nr",
                          "t.series_years",
                          "t.md5sum"
                        ],
                        "Index Cond": "(t.id = mc.movie_id)",
                        "Rows Removed by Index Recheck": 0
                      }
                    ]
                  },
                  {
                    "Node Type": "Hash",
                    "Parent Relationship": "Inner",
                    "Parallel Aware": false,
                    "Async Capable": false,
                    "Startup Cost": 1.09,
                    "Total Cost": 1.09,
                    "Plan Rows": 1,
                    "Plan Width": 4,
                    "Actual Startup Time": 0.029,
                    "Actual Total Time": 0.03,
                    "Actual Rows": 1,
                    "Actual Loops": 1,
                    "Output": [
                      "kt.id"
                    ],
                    "Hash Buckets": 1024,
                    "Original Hash Buckets": 1024,
                    "Hash Batches": 1,
                    "Original Hash Batches": 1,
                    "Peak Memory Usage": 9,
                    "Plans": [
                      {
                        "Node Type": "Seq Scan",
                        "Parent Relationship": "Outer",
                        "Parallel Aware": false,
                        "Async Capable": false,
                        "Relation Name": "kind_type",
                        "Schema": "public",
                        "Alias": "kt",
                        "Startup Cost": 0.0,
                        "Total Cost": 1.09,
                        "Plan Rows": 1,
                        "Plan Width": 4,
                        "Actual Startup Time": 0.023,
                        "Actual Total Time": 0.025,
                        "Actual Rows": 1,
                        "Actual Loops": 1,
                        "Output": [
                          "kt.id"
                        ],
                        "Filter": "((kt.kind)::text = 'movie'::text)",
                        "Rows Removed by Filter": 6
                      }
                    ]
                  }
                ]
              },
              {
                "Node Type": "Index Scan",
                "Parent Relationship": "Inner",
                "Parallel Aware": false,
                "Async Capable": false,
                "Scan Direction": "Forward",
                "Index Name": "idx_movie_info_movie_id",
                "Relation Name": "movie_info",
                "Schema": "public",
                "Alias": "mi",
                "Startup Cost": 0.43,
                "Total Cost": 1.44,
                "Plan Rows": 41,
                "Plan Width": 50,
                "Actual Startup Time": 0.004,
                "Actual Total Time": 0.02,
                "Actual Rows": 31,
                "Actual Loops": 16470,
                "Output": [
                  "mi.id",
                  "mi.movie_id",
                  "mi.info_type_id",
                  "mi.info",
                  "mi.note"
                ],
                "Index Cond": "(mi.movie_id = t.id)",
                "Rows Removed by Index Recheck": 0
              }
            ]
          },
          {
            "Node Type": "Hash",
            "Parent Relationship": "Inner",
            "Parallel Aware": false,
            "Async Capable": false,
            "Startup Cost": 2.41,
            "Total Cost": 2.41,
            "Plan Rows": 1,
            "Plan Width": 4,
            "Actual Startup Time": 49.206,
            "Actual Total Time": 49.207,
            "Actual Rows": 1,
            "Actual Loops": 1,
            "Output": [
              "it2.id"
            ],
            "Hash Buckets": 1024,
            "Original Hash Buckets": 1024,
            "Hash Batches": 1,
            "Original Hash Batches": 1,
            "Peak Memory Usage": 9,
            "Plans": [
              {
                "Node Type": "Seq Scan",
                "Parent Relationship": "Outer",
                "Parallel Aware": false,
                "Async Capable": false,
                "Relation Name": "info_type",
                "Schema": "public",
                "Alias": "it2",
                "Startup Cost": 0.0,
                "Total Cost": 2.41,
                "Plan Rows": 1,
                "Plan Width": 4,
                "Actual Startup Time": 49.181,
                "Actual Total Time": 49.193,
                "Actual Rows": 1,
                "Actual Loops": 1,
                "Output": [
                  "it2.id"
                ],
                "Filter": "((it2.info)::text = 'release dates'::text)",
                "Rows Removed by Filter": 112
              }
            ]
          }
        ]
      }
    ]
  },
  "Planning Time": 18.22,
  "Triggers": [],
  "JIT": {
    "Functions": 69,
    "Options": {
      "Inlining": false,
      "Optimization": false,
      "Expressions": true,
      "Deforming": true
    },
    "Timing": {
      "Generation": 4.305,
      "Inlining": 0.0,
      "Optimization": 1.431,
      "Emission": 47.997,
      "Total": 53.732
    }
  },
  "Execution Time": 2020.898
}