{
  "Plan": {
    "Node Type": "Aggregate",
    "Strategy": "Plain",
    "Partial Mode": "Simple",
    "Parallel Aware": false,
    "Async Capable": false,
    "Startup Cost": 140627.49,
    "Total Cost": 140627.5,
    "Plan Rows": 1,
    "Plan Width": 96,
    "Actual Startup Time": 993.403,
    "Actual Total Time": 993.409,
    "Actual Rows": 1,
    "Actual Loops": 1,
    "Output": [
      "min((an.name)::text)",
      "min((chn.name)::text)",
      "min((t.title)::text)"
    ],
    "Plans": [
      {
        "Node Type": "Nested Loop",
        "Parent Relationship": "Outer",
        "Parallel Aware": false,
        "Async Capable": false,
        "Join Type": "Inner",
        "Startup Cost": 2.57,
        "Total Cost": 140626.58,
        "Plan Rows": 121,
        "Plan Width": 49,
        "Actual Startup Time": 433.968,
        "Actual Total Time": 993.214,
        "Actual Rows": 121,
        "Actual Loops": 1,
        "Output": [
          "an.name",
          "chn.name",
          "t.title"
        ],
        "Inner Unique": false,
        "Join Filter": "(ci.role_id = rt.id)",
        "Rows Removed by Join Filter": 0,
        "Plans": [
          {
            "Node Type": "Seq Scan",
            "Parent Relationship": "Outer",
            "Parallel Aware": false,
            "Async Capable": false,
            "Relation Name": "role_type",
            "Schema": "public",
            "Alias": "rt",
            "Startup Cost": 0.0,
            "Total Cost": 1.15,
            "Plan Rows": 1,
            "Plan Width": 4,
            "Actual Startup Time": 44.975,
            "Actual Total Time": 44.98,
            "Actual Rows": 1,
            "Actual Loops": 1,
            "Output": [
              "rt.id",
              "rt.role"
            ],
            "Filter": "((rt.role)::text = 'actress'::text)",
            "Rows Removed by Filter": 11
          },
          {
            "Node Type": "Nested Loop",
            "Parent Relationship": "Inner",
            "Parallel Aware": false,
            "Async Capable": false,
            "Join Type": "Inner",
            "Startup Cost": 2.57,
            "Total Cost": 140623.92,
            "Plan Rows": 121,
            "Plan Width": 53,
            "Actual Startup Time": 388.982,
            "Actual Total Time": 948.187,
            "Actual Rows": 121,
            "Actual Loops": 1,
            "Output": [
              "an.name",
              "ci.role_id",
              "chn.name",
              "t.title"
            ],
            "Inner Unique": true,
            "Plans": [
              {
                "Node Type": "Nested Loop",
                "Parent Relationship": "Outer",
                "Parallel Aware": false,
                "Async Capable": false,
                "Join Type": "Inner",
                "Startup Cost": 2.15,
                "Total Cost": 140563.76,
                "Plan Rows": 123,
                "Plan Width": 57,
                "Actual Startup Time": 388.94,
                "Actual Total Time": 947.329,
                "Actual Rows": 123,
                "Actual Loops": 1,
                "Output": [
                  "an.name",
                  "ci.role_id",
                  "chn.name",
                  "mc.company_id",
                  "t.title"
                ],
                "Inner Unique": true,
                "Plans": [
                  {
                    "Node Type": "Nested Loop",
                    "Parent Relationship": "Outer",
                    "Parallel Aware": false,
                    "Async Capable": false,
                    "Join Type": "Inner",
                    "Startup Cost": 1.72,
                    "Total Cost": 140477.39,
                    "Plan Rows": 130,
                    "Plan Width": 45,
                    "Actual Startup Time": 386.142,
                    "Actual Total Time": 946.253,
                    "Actual Rows": 130,
                    "Actual Loops": 1,
                    "Output": [
                      "an.name",
                      "ci.role_id",
                      "ci.person_role_id",
                      "mc.company_id",
                      "t.title"
                    ],
                    "Inner Unique": false,
                    "Join Filter": "(ci.movie_id = mc.movie_id)",
                    "Rows Removed by Join Filter": 0,
                    "Plans": [
                      {
                        "Node Type": "Nested Loop",
                        "Parent Relationship": "Outer",
                        "Parallel Aware": false,
                        "Async Capable": false,
                        "Join Type": "Inner",
                        "Startup Cost": 1.29,
                        "Total Cost": 140377.9,
                        "Plan Rows": 155,
                        "Plan Width": 49,
                        "Actual Startup Time": 385.482,
                        "Actual Total Time": 943.812,
                        "Actual Rows": 155,
                        "Actual Loops": 1,
                        "Output": [
                          "an.name",
                          "ci.movie_id",
                          "ci.role_id",
                          "ci.person_role_id",
                          "t.title",
                          "t.id"
                        ],
                        "Inner Unique": true,
                        "Plans": [
                          {
                            "Node Type": "Nested Loop",
                            "Parent Relationship": "Outer",
                            "Parallel Aware": false,
                            "Async Capable": false,
                            "Join Type": "Inner",
                            "Startup Cost": 0.86,
                            "Total Cost": 140097.78,
                            "Plan Rows": 425,
                            "Plan Width": 28,
                            "Actual Startup Time": 383.001,
                            "Actual Total Time": 938.767,
                            "Actual Rows": 425,
                            "Actual Loops": 1,
                            "Output": [
                              "an.name",
                              "ci.movie_id",
                              "ci.role_id",
                              "ci.person_role_id"
                            ],
                            "Inner Unique": false,
                            "Join Filter": "(ci.person_id = n.id)",
                            "Rows Removed by Join Filter": 0,
                            "Plans": [
                              {
                                "Node Type": "Nested Loop",
                                "Parent Relationship": "Outer",
                                "Parallel Aware": false,
                                "Async Capable": false,
                                "Join Type": "Inner",
                                "Startup Cost": 0.42,
                                "Total Cost": 119311.93,
                                "Plan Rows": 1558,
                                "Plan Width": 24,
                                "Actual Startup Time": 373.751,
                                "Actual Total Time": 903.607,
                                "Actual Rows": 1558,
                                "Actual Loops": 1,
                                "Output": [
                                  "an.name",
                                  "an.person_id",
                                  "n.id"
                                ],
                                "Inner Unique": false,
                                "Plans": [
                                  {
                                    "Node Type": "Seq Scan",
                                    "Parent Relationship": "Outer",
                                    "Parallel Aware": false,
                                    "Async Capable": false,
                                    "Relation Name": "name",
                                    "Schema": "public",
                                    "Alias": "n",
                                    "Startup Cost": 0.0,
                                    "Total Cost": 118126.36,
                                    "Plan Rows": 96,
                                    "Plan Width": 4,
                                    "Actual Startup Time": 372.71,
                                    "Actual Total Time": 879.811,
                                    "Actual Rows": 6768,
                                    "Actual Loops": 1,
                                    "Output": [
                                      "n.id",
                                      "n.name",
                                      "n.imdb_index",
                                      "n.imdb_id",
                                      "n.gender",
                                      "n.name_pcode_cf",
                                      "n.name_pcode_nf",
                                      "n.surname_pcode",
                                      "n.md5sum"
                                    ],
                                    "Filter": "(((n.name)::text ~~ '%Ang%'::text) AND ((n.gender)::text = 'f'::text))",
                                    "Rows Removed by Filter": 4160723
                                  },
                                  {
                                    "Node Type": "Index Scan",
                                    "Parent Relationship": "Inner",
                                    "Parallel Aware": false,
                                    "Async Capable": false,
                                    "Scan Direction": "Forward",
                                    "Index Name": "idx_aka_name_person_id",
                                    "Relation Name": "aka_name",
                                    "Schema": "public",
                                    "Alias": "an",
                                    "Startup Cost": 0.42,
                                    "Total Cost": 12.33,
                                    "Plan Rows": 2,
                                    "Plan Width": 20,
                                    "Actual Startup Time": 0.003,
                                    "Actual Total Time": 0.003,
                                    "Actual Rows": 0,
                                    "Actual Loops": 6768,
                                    "Output": [
                                      "an.id",
                                      "an.person_id",
                                      "an.name",
                                      "an.imdb_index",
                                      "an.name_pcode_cf",
                                      "an.name_pcode_nf",
                                      "an.surname_pcode",
                                      "an.md5sum"
                                    ],
                                    "Index Cond": "(an.person_id = n.id)",
                                    "Rows Removed by Index Recheck": 0
                                  }
                                ]
                              },
                              {
                                "Node Type": "Index Scan",
                                "Parent Relationship": "Inner",
                                "Parallel Aware": false,
                                "Async Capable": false,
                                "Scan Direction": "Forward",
                                "Index Name": "idx_cast_info_person_id",
                                "Relation Name": "cast_info",
                                "Schema": "public",
                                "Alias": "ci",
                                "Startup Cost": 0.44,
                                "Total Cost": 13.19,
                                "Plan Rows": 12,
                                "Plan Width": 16,
                                "Actual Startup Time": 0.02,
                                "Actual Total Time": 0.022,
                                "Actual Rows": 0,
                                "Actual Loops": 1558,
                                "Output": [
                                  "ci.id",
                                  "ci.person_id",
                                  "ci.movie_id",
                                  "ci.person_role_id",
                                  "ci.note",
                                  "ci.nr_order",
                                  "ci.role_id"
                                ],
                                "Index Cond": "(ci.person_id = an.person_id)",
                                "Rows Removed by Index Recheck": 0,
                                "Filter": "((ci.note)::text = ANY ('{(voice),\"(voice: Japanese version)\",\"(voice) (uncredited)\",\"(voice: English version)\"}'::text[]))",
                                "Rows Removed by Filter": 44
                              }
                            ]
                          },
                          {
                            "Node Type": "Index Scan",
                            "Parent Relationship": "Inner",
                            "Parallel Aware": false,
                            "Async Capable": false,
                            "Scan Direction": "Forward",
                            "Index Name": "idx_title_id",
                            "Relation Name": "title",
                            "Schema": "public",
                            "Alias": "t",
                            "Startup Cost": 0.43,
                            "Total Cost": 0.66,
                            "Plan Rows": 1,
                            "Plan Width": 21,
                            "Actual Startup Time": 0.011,
                            "Actual Total Time": 0.011,
                            "Actual Rows": 0,
                            "Actual Loops": 425,
                            "Output": [
                              "t.id",
                              "t.title",
                              "t.imdb_index",
                              "t.kind_id",
                              "t.production_year",
                              "t.imdb_id",
                              "t.phonetic_code",
                              "t.episode_of_id",
                              "t.season_nr",
                              "t.episode_nr",
                              "t.series_years",
                              "t.md5sum"
                            ],
                            "Index Cond": "(t.id = ci.movie_id)",
                            "Rows Removed by Index Recheck": 0,
                            "Filter": "((t.production_year >= 2005) AND (t.production_year <= 2015))",
                            "Rows Removed by Filter": 1
                          }
                        ]
                      },
                      {
                        "Node Type": "Index Scan",
                        "Parent Relationship": "Inner",
                        "Parallel Aware": false,
                        "Async Capable": false,
                        "Scan Direction": "Forward",
                        "Index Name": "idx_movie_companies_movie_id",
                        "Relation Name": "movie_companies",
                        "Schema": "public",
                        "Alias": "mc",
                        "Startup Cost": 0.43,
                        "Total Cost": 0.63,
                        "Plan Rows": 1,
                        "Plan Width": 8,
                        "Actual Startup Time": 0.011,
                        "Actual Total Time": 0.015,
                        "Actual Rows": 1,
                        "Actual Loops": 155,
                        "Output": [
                          "mc.id",
                          "mc.movie_id",
                          "mc.company_id",
                          "mc.company_type_id",
                          "mc.note"
                        ],
                        "Index Cond": "(mc.movie_id = t.id)",
                        "Rows Removed by Index Recheck": 0,
                        "Filter": "((mc.note IS NOT NULL) AND (((mc.note)::text ~~ '%(USA)%'::text) OR ((mc.note)::text ~~ '%(worldwide)%'::text)))",
                        "Rows Removed by Filter": 5
                      }
                    ]
                  },
                  {
                    "Node Type": "Index Scan",
                    "Parent Relationship": "Inner",
                    "Parallel Aware": false,
                    "Async Capable": false,
                    "Scan Direction": "Forward",
                    "Index Name": "idx_char_name_id",
                    "Relation Name": "char_name",
                    "Schema": "public",
                    "Alias": "chn",
                    "Startup Cost": 0.43,
                    "Total Cost": 0.66,
                    "Plan Rows": 1,
                    "Plan Width": 20,
                    "Actual Startup Time": 0.007,
                    "Actual Total Time": 0.007,
                    "Actual Rows": 1,
                    "Actual Loops": 130,
                    "Output": [
                      "chn.id",
                      "chn.name",
                      "chn.imdb_index",
                      "chn.imdb_id",
                      "chn.name_pcode_nf",
                      "chn.surname_pcode",
                      "chn.md5sum"
                    ],
                    "Index Cond": "(chn.id = ci.person_role_id)",
                    "Rows Removed by Index Recheck": 0
                  }
                ]
              },
              {
                "Node Type": "Index Scan",
                "Parent Relationship": "Inner",
                "Parallel Aware": false,
                "Async Capable": false,
                "Scan Direction": "Forward",
                "Index Name": "idx_company_name_id",
                "Relation Name": "company_name",
                "Schema": "public",
                "Alias": "cn",
                "Startup Cost": 0.42,
                "Total Cost": 0.49,
                "Plan Rows": 1,
                "Plan Width": 4,
                "Actual Startup Time": 0.006,
                "Actual Total Time": 0.006,
                "Actual Rows": 1,
                "Actual Loops": 123,
                "Output": [
                  "cn.id",
                  "cn.name",
                  "cn.country_code",
                  "cn.imdb_id",
                  "cn.name_pcode_nf",
                  "cn.name_pcode_sf",
                  "cn.md5sum"
                ],
                "Index Cond": "(cn.id = mc.company_id)",
                "Rows Removed by Index Recheck": 0,
                "Filter": "((cn.country_code)::text = '[us]'::text)",
                "Rows Removed by Filter": 0
              }
            ]
          }
        ]
      }
    ]
  },
  "Planning Time": 15.118,
  "Triggers": [],
  "JIT": {
    "Functions": 51,
    "Options": {
      "Inlining": false,
      "Optimization": false,
      "Expressions": true,
      "Deforming": true
    },
    "Timing": {
      "Generation": 3.892,
      "Inlining": 0.0,
      "Optimization": 1.332,
      "Emission": 43.79,
      "Total": 49.014
    }
  },
  "Execution Time": 1024.634
}