{
  "Plan": {
    "Node Type": "Aggregate",
    "Strategy": "Plain",
    "Partial Mode": "Simple",
    "Parallel Aware": false,
    "Async Capable": false,
    "Startup Cost": 110817.04,
    "Total Cost": 110817.05,
    "Plan Rows": 1,
    "Plan Width": 96,
    "Actual Startup Time": 1136.656,
    "Actual Total Time": 1136.667,
    "Actual Rows": 1,
    "Actual Loops": 1,
    "Output": [
      "min((chn.name)::text)",
      "min((mi_idx.info)::text)",
      "min((t.title)::text)"
    ],
    "Plans": [
      {
        "Node Type": "Nested Loop",
        "Parent Relationship": "Outer",
        "Parallel Aware": false,
        "Async Capable": false,
        "Join Type": "Inner",
        "Startup Cost": 3541.64,
        "Total Cost": 110776.54,
        "Plan Rows": 5400,
        "Plan Width": 38,
        "Actual Startup Time": 125.073,
        "Actual Total Time": 1130.801,
        "Actual Rows": 5400,
        "Actual Loops": 1,
        "Output": [
          "chn.name",
          "mi_idx.info",
          "t.title"
        ],
        "Inner Unique": true,
        "Plans": [
          {
            "Node Type": "Nested Loop",
            "Parent Relationship": "Outer",
            "Parallel Aware": false,
            "Async Capable": false,
            "Join Type": "Inner",
            "Startup Cost": 3541.21,
            "Total Cost": 108353.23,
            "Plan Rows": 5400,
            "Plan Width": 42,
            "Actual Startup Time": 125.024,
            "Actual Total Time": 1095.004,
            "Actual Rows": 5400,
            "Actual Loops": 1,
            "Output": [
              "ci.person_id",
              "chn.name",
              "mi_idx.info",
              "t.title"
            ],
            "Inner Unique": true,
            "Plans": [
              {
                "Node Type": "Nested Loop",
                "Parent Relationship": "Outer",
                "Parallel Aware": false,
                "Async Capable": false,
                "Join Type": "Inner",
                "Startup Cost": 3540.78,
                "Total Cost": 21553.21,
                "Plan Rows": 189738,
                "Plan Width": 30,
                "Actual Startup Time": 121.507,
                "Actual Total Time": 654.375,
                "Actual Rows": 189738,
                "Actual Loops": 1,
                "Output": [
                  "ci.person_role_id",
                  "ci.person_id",
                  "mi_idx.info",
                  "t.title"
                ],
                "Inner Unique": false,
                "Join Filter": "(ci.movie_id = t.id)",
                "Rows Removed by Join Filter": 0,
                "Plans": [
                  {
                    "Node Type": "Hash Join",
                    "Parent Relationship": "Outer",
                    "Parallel Aware": false,
                    "Async Capable": false,
                    "Join Type": "Inner",
                    "Startup Cost": 3540.34,
                    "Total Cost": 19238.32,
                    "Plan Rows": 1261,
                    "Plan Width": 38,
                    "Actual Startup Time": 121.429,
                    "Actual Total Time": 243.68,
                    "Actual Rows": 1261,
                    "Actual Loops": 1,
                    "Output": [
                      "cc.movie_id",
                      "mi_idx.info",
                      "mi_idx.movie_id",
                      "mk.movie_id",
                      "t.title",
                      "t.id"
                    ],
                    "Inner Unique": true,
                    "Hash Cond": "(cc.status_id = cct2.id)",
                    "Plans": [
                      {
                        "Node Type": "Hash Join",
                        "Parent Relationship": "Outer",
                        "Parallel Aware": false,
                        "Async Capable": false,
                        "Join Type": "Inner",
                        "Startup Cost": 3539.27,
                        "Total Cost": 19230.45,
                        "Plan Rows": 1261,
                        "Plan Width": 42,
                        "Actual Startup Time": 64.357,
                        "Actual Total Time": 185.58,
                        "Actual Rows": 1261,
                        "Actual Loops": 1,
                        "Output": [
                          "cc.movie_id",
                          "cc.status_id",
                          "mi_idx.info",
                          "mi_idx.movie_id",
                          "mk.movie_id",
                          "t.title",
                          "t.id"
                        ],
                        "Inner Unique": true,
                        "Hash Cond": "(mi_idx.info_type_id = it2.id)",
                        "Plans": [
                          {
                            "Node Type": "Nested Loop",
                            "Parent Relationship": "Outer",
                            "Parallel Aware": false,
                            "Async Capable": false,
                            "Join Type": "Inner",
                            "Startup Cost": 3536.85,
                            "Total Cost": 19217.59,
                            "Plan Rows": 3831,
                            "Plan Width": 46,
                            "Actual Startup Time": 64.289,
                            "Actual Total Time": 184.133,
                            "Actual Rows": 3831,
                            "Actual Loops": 1,
                            "Output": [
                              "cc.movie_id",
                              "cc.status_id",
                              "mi_idx.info",
                              "mi_idx.movie_id",
                              "mi_idx.info_type_id",
                              "mk.movie_id",
                              "t.title",
                              "t.id"
                            ],
                            "Inner Unique": false,
                            "Join Filter": "(mi_idx.movie_id = t.id)",
                            "Rows Removed by Join Filter": 0,
                            "Plans": [
                              {
                                "Node Type": "Hash Join",
                                "Parent Relationship": "Outer",
                                "Parallel Aware": false,
                                "Async Capable": false,
                                "Join Type": "Inner",
                                "Startup Cost": 3536.42,
                                "Total Cost": 18549.93,
                                "Plan Rows": 1267,
                                "Plan Width": 33,
                                "Actual Startup Time": 64.237,
                                "Actual Total Time": 170.391,
                                "Actual Rows": 1267,
                                "Actual Loops": 1,
                                "Output": [
                                  "cc.movie_id",
                                  "cc.status_id",
                                  "mk.movie_id",
                                  "t.title",
                                  "t.id"
                                ],
                                "Inner Unique": true,
                                "Hash Cond": "(t.kind_id = kt.id)",
                                "Plans": [
                                  {
                                    "Node Type": "Nested Loop",
                                    "Parent Relationship": "Outer",
                                    "Parallel Aware": false,
                                    "Async Capable": false,
                                    "Join Type": "Inner",
                                    "Startup Cost": 3535.32,
                                    "Total Cost": 18542.1,
                                    "Plan Rows": 1595,
                                    "Plan Width": 37,
                                    "Actual Startup Time": 62.641,
                                    "Actual Total Time": 169.352,
                                    "Actual Rows": 1595,
                                    "Actual Loops": 1,
                                    "Output": [
                                      "cc.movie_id",
                                      "cc.status_id",
                                      "mk.movie_id",
                                      "t.title",
                                      "t.kind_id",
                                      "t.id"
                                    ],
                                    "Inner Unique": true,
                                    "Plans": [
                                      {
                                        "Node Type": "Hash Join",
                                        "Parent Relationship": "Outer",
                                        "Parallel Aware": false,
                                        "Async Capable": false,
                                        "Join Type": "Inner",
                                        "Startup Cost": 3534.89,
                                        "Total Cost": 15421.1,
                                        "Plan Rows": 6396,
                                        "Plan Width": 12,
                                        "Actual Startup Time": 61.081,
                                        "Actual Total Time": 118.463,
                                        "Actual Rows": 6396,
                                        "Actual Loops": 1,
                                        "Output": [
                                          "cc.movie_id",
                                          "cc.status_id",
                                          "mk.movie_id"
                                        ],
                                        "Inner Unique": false,
                                        "Hash Cond": "(mk.movie_id = cc.movie_id)",
                                        "Plans": [
                                          {
                                            "Node Type": "Nested Loop",
                                            "Parent Relationship": "Outer",
                                            "Parallel Aware": false,
                                            "Async Capable": false,
                                            "Join Type": "Inner",
                                            "Startup Cost": 0.85,
                                            "Total Cost": 11588.4,
                                            "Plan Rows": 24091,
                                            "Plan Width": 4,
                                            "Actual Startup Time": 0.195,
                                            "Actual Total Time": 47.691,
                                            "Actual Rows": 24091,
                                            "Actual Loops": 1,
                                            "Output": [
                                              "mk.movie_id"
                                            ],
                                            "Inner Unique": false,
                                            "Plans": [
                                              {
                                                "Node Type": "Index Scan",
                                                "Parent Relationship": "Outer",
                                                "Parallel Aware": false,
                                                "Async Capable": false,
                                                "Scan Direction": "Forward",
                                                "Index Name": "idx_keyword_keyword",
                                                "Relation Name": "keyword",
                                                "Schema": "public",
                                                "Alias": "k",
                                                "Startup Cost": 0.42,
                                                "Total Cost": 84.36,
                                                "Plan Rows": 10,
                                                "Plan Width": 4,
                                                "Actual Startup Time": 0.115,
                                                "Actual Total Time": 0.32,
                                                "Actual Rows": 10,
                                                "Actual Loops": 1,
                                                "Output": [
                                                  "k.id",
                                                  "k.keyword",
                                                  "k.phonetic_code"
                                                ],
                                                "Index Cond": "((k.keyword)::text = ANY ('{superhero,marvel-comics,based-on-comic,tv-special,fight,violence,magnet,web,claw,laser}'::text[]))",
                                                "Rows Removed by Index Recheck": 0
                                              },
                                              {
                                                "Node Type": "Index Scan",
                                                "Parent Relationship": "Inner",
                                                "Parallel Aware": false,
                                                "Async Capable": false,
                                                "Scan Direction": "Forward",
                                                "Index Name": "idx_movie_keyword_keyword_id",
                                                "Relation Name": "movie_keyword",
                                                "Schema": "public",
                                                "Alias": "mk",
                                                "Startup Cost": 0.43,
                                                "Total Cost": 1147.38,
                                                "Plan Rows": 302,
                                                "Plan Width": 8,
                                                "Actual Startup Time": 0.02,
                                                "Actual Total Time": 4.25,
                                                "Actual Rows": 2409,
                                                "Actual Loops": 10,
                                                "Output": [
                                                  "mk.id",
                                                  "mk.movie_id",
                                                  "mk.keyword_id"
                                                ],
                                                "Index Cond": "(mk.keyword_id = k.id)",
                                                "Rows Removed by Index Recheck": 0
                                              }
                                            ]
                                          },
                                          {
                                            "Node Type": "Hash",
                                            "Parent Relationship": "Inner",
                                            "Parallel Aware": false,
                                            "Async Capable": false,
                                            "Startup Cost": 2459.78,
                                            "Total Cost": 2459.78,
                                            "Plan Rows": 85941,
                                            "Plan Width": 8,
                                            "Actual Startup Time": 59.898,
                                            "Actual Total Time": 59.9,
                                            "Actual Rows": 85941,
                                            "Actual Loops": 1,
                                            "Output": [
                                              "cc.movie_id",
                                              "cc.status_id"
                                            ],
                                            "Hash Buckets": 131072,
                                            "Original Hash Buckets": 131072,
                                            "Hash Batches": 1,
                                            "Original Hash Batches": 1,
                                            "Peak Memory Usage": 4382,
                                            "Plans": [
                                              {
                                                "Node Type": "Nested Loop",
                                                "Parent Relationship": "Outer",
                                                "Parallel Aware": false,
                                                "Async Capable": false,
                                                "Join Type": "Inner",
                                                "Startup Cost": 0.29,
                                                "Total Cost": 2459.78,
                                                "Plan Rows": 85941,
                                                "Plan Width": 8,
                                                "Actual Startup Time": 0.092,
                                                "Actual Total Time": 39.501,
                                                "Actual Rows": 85941,
                                                "Actual Loops": 1,
                                                "Output": [
                                                  "cc.movie_id",
                                                  "cc.status_id"
                                                ],
                                                "Inner Unique": false,
                                                "Plans": [
                                                  {
                                                    "Node Type": "Seq Scan",
                                                    "Parent Relationship": "Outer",
                                                    "Parallel Aware": false,
                                                    "Async Capable": false,
                                                    "Relation Name": "comp_cast_type",
                                                    "Schema": "public",
                                                    "Alias": "cct1",
                                                    "Startup Cost": 0.0,
                                                    "Total Cost": 1.05,
                                                    "Plan Rows": 1,
                                                    "Plan Width": 4,
                                                    "Actual Startup Time": 0.012,
                                                    "Actual Total Time": 0.014,
                                                    "Actual Rows": 1,
                                                    "Actual Loops": 1,
                                                    "Output": [
                                                      "cct1.id",
                                                      "cct1.kind"
                                                    ],
                                                    "Filter": "((cct1.kind)::text = 'cast'::text)",
                                                    "Rows Removed by Filter": 3
                                                  },
                                                  {
                                                    "Node Type": "Index Scan",
                                                    "Parent Relationship": "Inner",
                                                    "Parallel Aware": false,
                                                    "Async Capable": false,
                                                    "Scan Direction": "Forward",
                                                    "Index Name": "idx_complete_cast_subject_id",
                                                    "Relation Name": "complete_cast",
                                                    "Schema": "public",
                                                    "Alias": "cc",
                                                    "Startup Cost": 0.29,
                                                    "Total Cost": 1783.3,
                                                    "Plan Rows": 67543,
                                                    "Plan Width": 12,
                                                    "Actual Startup Time": 0.068,
                                                    "Actual Total Time": 22.692,
                                                    "Actual Rows": 85941,
                                                    "Actual Loops": 1,
                                                    "Output": [
                                                      "cc.id",
                                                      "cc.movie_id",
                                                      "cc.subject_id",
                                                      "cc.status_id"
                                                    ],
                                                    "Index Cond": "(cc.subject_id = cct1.id)",
                                                    "Rows Removed by Index Recheck": 0
                                                  }
                                                ]
                                              }
                                            ]
                                          }
                                        ]
                                      },
                                      {
                                        "Node Type": "Index Scan",
                                        "Parent Relationship": "Inner",
                                        "Parallel Aware": false,
                                        "Async Capable": false,
                                        "Scan Direction": "Forward",
                                        "Index Name": "idx_title_id",
                                        "Relation Name": "title",
                                        "Schema": "public",
                                        "Alias": "t",
                                        "Startup Cost": 0.43,
                                        "Total Cost": 0.49,
                                        "Plan Rows": 1,
                                        "Plan Width": 25,
                                        "Actual Startup Time": 0.007,
                                        "Actual Total Time": 0.007,
                                        "Actual Rows": 0,
                                        "Actual Loops": 6396,
                                        "Output": [
                                          "t.id",
                                          "t.title",
                                          "t.imdb_index",
                                          "t.kind_id",
                                          "t.production_year",
                                          "t.imdb_id",
                                          "t.phonetic_code",
                                          "t.episode_of_id",
                                          "t.season_nr",
                                          "t.episode_nr",
                                          "t.series_years",
                                          "t.md5sum"
                                        ],
                                        "Index Cond": "(t.id = mk.movie_id)",
                                        "Rows Removed by Index Recheck": 0,
                                        "Filter": "(t.production_year > 2000)",
                                        "Rows Removed by Filter": 1
                                      }
                                    ]
                                  },
                                  {
                                    "Node Type": "Hash",
                                    "Parent Relationship": "Inner",
                                    "Parallel Aware": false,
                                    "Async Capable": false,
                                    "Startup Cost": 1.09,
                                    "Total Cost": 1.09,
                                    "Plan Rows": 1,
                                    "Plan Width": 4,
                                    "Actual Startup Time": 0.024,
                                    "Actual Total Time": 0.025,
                                    "Actual Rows": 1,
                                    "Actual Loops": 1,
                                    "Output": [
                                      "kt.id"
                                    ],
                                    "Hash Buckets": 1024,
                                    "Original Hash Buckets": 1024,
                                    "Hash Batches": 1,
                                    "Original Hash Batches": 1,
                                    "Peak Memory Usage": 9,
                                    "Plans": [
                                      {
                                        "Node Type": "Seq Scan",
                                        "Parent Relationship": "Outer",
                                        "Parallel Aware": false,
                                        "Async Capable": false,
                                        "Relation Name": "kind_type",
                                        "Schema": "public",
                                        "Alias": "kt",
                                        "Startup Cost": 0.0,
                                        "Total Cost": 1.09,
                                        "Plan Rows": 1,
                                        "Plan Width": 4,
                                        "Actual Startup Time": 0.018,
                                        "Actual Total Time": 0.02,
                                        "Actual Rows": 1,
                                        "Actual Loops": 1,
                                        "Output": [
                                          "kt.id"
                                        ],
                                        "Filter": "((kt.kind)::text = 'movie'::text)",
                                        "Rows Removed by Filter": 6
                                      }
                                    ]
                                  }
                                ]
                              },
                              {
                                "Node Type": "Index Scan",
                                "Parent Relationship": "Inner",
                                "Parallel Aware": false,
                                "Async Capable": false,
                                "Scan Direction": "Forward",
                                "Index Name": "idx_movie_info_idx_movie_id",
                                "Relation Name": "movie_info_idx",
                                "Schema": "public",
                                "Alias": "mi_idx",
                                "Startup Cost": 0.43,
                                "Total Cost": 0.49,
                                "Plan Rows": 3,
                                "Plan Width": 13,
                                "Actual Startup Time": 0.008,
                                "Actual Total Time": 0.009,
                                "Actual Rows": 3,
                                "Actual Loops": 1267,
                                "Output": [
                                  "mi_idx.id",
                                  "mi_idx.movie_id",
                                  "mi_idx.info_type_id",
                                  "mi_idx.info",
                                  "mi_idx.note"
                                ],
                                "Index Cond": "(mi_idx.movie_id = mk.movie_id)",
                                "Rows Removed by Index Recheck": 0
                              }
                            ]
                          },
                          {
                            "Node Type": "Hash",
                            "Parent Relationship": "Inner",
                            "Parallel Aware": false,
                            "Async Capable": false,
                            "Startup Cost": 2.41,
                            "Total Cost": 2.41,
                            "Plan Rows": 1,
                            "Plan Width": 4,
                            "Actual Startup Time": 0.044,
                            "Actual Total Time": 0.044,
                            "Actual Rows": 1,
                            "Actual Loops": 1,
                            "Output": [
                              "it2.id"
                            ],
                            "Hash Buckets": 1024,
                            "Original Hash Buckets": 1024,
                            "Hash Batches": 1,
                            "Original Hash Batches": 1,
                            "Peak Memory Usage": 9,
                            "Plans": [
                              {
                                "Node Type": "Seq Scan",
                                "Parent Relationship": "Outer",
                                "Parallel Aware": false,
                                "Async Capable": false,
                                "Relation Name": "info_type",
                                "Schema": "public",
                                "Alias": "it2",
                                "Startup Cost": 0.0,
                                "Total Cost": 2.41,
                                "Plan Rows": 1,
                                "Plan Width": 4,
                                "Actual Startup Time": 0.037,
                                "Actual Total Time": 0.039,
                                "Actual Rows": 1,
                                "Actual Loops": 1,
                                "Output": [
                                  "it2.id"
                                ],
                                "Filter": "((it2.info)::text = 'rating'::text)",
                                "Rows Removed by Filter": 112
                              }
                            ]
                          }
                        ]
                      },
                      {
                        "Node Type": "Hash",
                        "Parent Relationship": "Inner",
                        "Parallel Aware": false,
                        "Async Capable": false,
                        "Startup Cost": 1.05,
                        "Total Cost": 1.05,
                        "Plan Rows": 1,
                        "Plan Width": 4,
                        "Actual Startup Time": 57.037,
                        "Actual Total Time": 57.037,
                        "Actual Rows": 2,
                        "Actual Loops": 1,
                        "Output": [
                          "cct2.id"
                        ],
                        "Hash Buckets": 1024,
                        "Original Hash Buckets": 1024,
                        "Hash Batches": 1,
                        "Original Hash Batches": 1,
                        "Peak Memory Usage": 9,
                        "Plans": [
                          {
                            "Node Type": "Seq Scan",
                            "Parent Relationship": "Outer",
                            "Parallel Aware": false,
                            "Async Capable": false,
                            "Relation Name": "comp_cast_type",
                            "Schema": "public",
                            "Alias": "cct2",
                            "Startup Cost": 0.0,
                            "Total Cost": 1.05,
                            "Plan Rows": 1,
                            "Plan Width": 4,
                            "Actual Startup Time": 57.02,
                            "Actual Total Time": 57.022,
                            "Actual Rows": 2,
                            "Actual Loops": 1,
                            "Output": [
                              "cct2.id"
                            ],
                            "Filter": "((cct2.kind)::text ~~ '%complete%'::text)",
                            "Rows Removed by Filter": 2
                          }
                        ]
                      }
                    ]
                  },
                  {
                    "Node Type": "Index Scan",
                    "Parent Relationship": "Inner",
                    "Parallel Aware": false,
                    "Async Capable": false,
                    "Scan Direction": "Forward",
                    "Index Name": "idx_cast_info_movie_id",
                    "Relation Name": "cast_info",
                    "Schema": "public",
                    "Alias": "ci",
                    "Startup Cost": 0.44,
                    "Total Cost": 1.36,
                    "Plan Rows": 38,
                    "Plan Width": 12,
                    "Actual Startup Time": 0.011,
                    "Actual Total Time": 0.289,
                    "Actual Rows": 150,
                    "Actual Loops": 1261,
                    "Output": [
                      "ci.id",
                      "ci.person_id",
                      "ci.movie_id",
                      "ci.person_role_id",
                      "ci.note",
                      "ci.nr_order",
                      "ci.role_id"
                    ],
                    "Index Cond": "(ci.movie_id = mk.movie_id)",
                    "Rows Removed by Index Recheck": 0
                  }
                ]
              },
              {
                "Node Type": "Index Scan",
                "Parent Relationship": "Inner",
                "Parallel Aware": false,
                "Async Capable": false,
                "Scan Direction": "Forward",
                "Index Name": "idx_char_name_id",
                "Relation Name": "char_name",
                "Schema": "public",
                "Alias": "chn",
                "Startup Cost": 0.43,
                "Total Cost": 0.46,
                "Plan Rows": 1,
                "Plan Width": 20,
                "Actual Startup Time": 0.002,
                "Actual Total Time": 0.002,
                "Actual Rows": 0,
                "Actual Loops": 189738,
                "Output": [
                  "chn.id",
                  "chn.name",
                  "chn.imdb_index",
                  "chn.imdb_id",
                  "chn.name_pcode_nf",
                  "chn.surname_pcode",
                  "chn.md5sum"
                ],
                "Index Cond": "(chn.id = ci.person_role_id)",
                "Rows Removed by Index Recheck": 0,
                "Filter": "((chn.name IS NOT NULL) AND (((chn.name)::text ~~ '%man%'::text) OR ((chn.name)::text ~~ '%Man%'::text)))",
                "Rows Removed by Filter": 0
              }
            ]
          },
          {
            "Node Type": "Index Only Scan",
            "Parent Relationship": "Inner",
            "Parallel Aware": false,
            "Async Capable": false,
            "Scan Direction": "Forward",
            "Index Name": "idx_name_id",
            "Relation Name": "name",
            "Schema": "public",
            "Alias": "n",
            "Startup Cost": 0.43,
            "Total Cost": 0.45,
            "Plan Rows": 1,
            "Plan Width": 4,
            "Actual Startup Time": 0.006,
            "Actual Total Time": 0.006,
            "Actual Rows": 1,
            "Actual Loops": 5400,
            "Output": [
              "n.id"
            ],
            "Index Cond": "(n.id = ci.person_id)",
            "Rows Removed by Index Recheck": 0,
            "Heap Fetches": 0
          }
        ]
      }
    ]
  },
  "Planning Time": 223.117,
  "Triggers": [],
  "JIT": {
    "Functions": 80,
    "Options": {
      "Inlining": false,
      "Optimization": false,
      "Expressions": true,
      "Deforming": true
    },
    "Timing": {
      "Generation": 5.159,
      "Inlining": 0.0,
      "Optimization": 1.595,
      "Emission": 55.605,
      "Total": 62.359
    }
  },
  "Execution Time": 1169.222
}