{
  "Plan": {
    "Node Type": "Aggregate",
    "Strategy": "Plain",
    "Partial Mode": "Simple",
    "Parallel Aware": false,
    "Async Capable": false,
    "Startup Cost": 26165.82,
    "Total Cost": 26165.83,
    "Plan Rows": 1,
    "Plan Width": 64,
    "Actual Startup Time": 352.6,
    "Actual Total Time": 352.604,
    "Actual Rows": 1,
    "Actual Loops": 1,
    "Output": [
      "min((mi_idx.info)::text)",
      "min((t.title)::text)"
    ],
    "Plans": [
      {
        "Node Type": "Nested Loop",
        "Parent Relationship": "Outer",
        "Parallel Aware": false,
        "Async Capable": false,
        "Join Type": "Inner",
        "Startup Cost": 2.15,
        "Total Cost": 26162.02,
        "Plan Rows": 761,
        "Plan Width": 22,
        "Actual Startup Time": 13.39,
        "Actual Total Time": 351.944,
        "Actual Rows": 761,
        "Actual Loops": 1,
        "Output": [
          "mi_idx.info",
          "t.title"
        ],
        "Inner Unique": false,
        "Join Filter": "(it1.id = mi.info_type_id)",
        "Rows Removed by Join Filter": 117,
        "Plans": [
          {
            "Node Type": "Seq Scan",
            "Parent Relationship": "Outer",
            "Parallel Aware": false,
            "Async Capable": false,
            "Relation Name": "info_type",
            "Schema": "public",
            "Alias": "it1",
            "Startup Cost": 0.0,
            "Total Cost": 2.41,
            "Plan Rows": 1,
            "Plan Width": 4,
            "Actual Startup Time": 0.015,
            "Actual Total Time": 0.028,
            "Actual Rows": 1,
            "Actual Loops": 1,
            "Output": [
              "it1.id",
              "it1.info"
            ],
            "Filter": "((it1.info)::text = 'countries'::text)",
            "Rows Removed by Filter": 112
          },
          {
            "Node Type": "Nested Loop",
            "Parent Relationship": "Inner",
            "Parallel Aware": false,
            "Async Capable": false,
            "Join Type": "Inner",
            "Startup Cost": 2.15,
            "Total Cost": 26148.63,
            "Plan Rows": 878,
            "Plan Width": 26,
            "Actual Startup Time": 13.371,
            "Actual Total Time": 351.644,
            "Actual Rows": 878,
            "Actual Loops": 1,
            "Output": [
              "mi_idx.info",
              "mi.info_type_id",
              "t.title"
            ],
            "Inner Unique": false,
            "Join Filter": "(mi.movie_id = t.id)",
            "Rows Removed by Join Filter": 0,
            "Plans": [
              {
                "Node Type": "Nested Loop",
                "Parent Relationship": "Outer",
                "Parallel Aware": false,
                "Async Capable": false,
                "Join Type": "Inner",
                "Startup Cost": 1.71,
                "Total Cost": 24027.33,
                "Plan Rows": 1147,
                "Plan Width": 34,
                "Actual Startup Time": 13.147,
                "Actual Total Time": 248.44,
                "Actual Rows": 1147,
                "Actual Loops": 1,
                "Output": [
                  "mi_idx.info",
                  "mi_idx.movie_id",
                  "mk.movie_id",
                  "t.title",
                  "t.id"
                ],
                "Inner Unique": false,
                "Join Filter": "(it2.id = mi_idx.info_type_id)",
                "Rows Removed by Join Filter": 2256,
                "Plans": [
                  {
                    "Node Type": "Seq Scan",
                    "Parent Relationship": "Outer",
                    "Parallel Aware": false,
                    "Async Capable": false,
                    "Relation Name": "info_type",
                    "Schema": "public",
                    "Alias": "it2",
                    "Startup Cost": 0.0,
                    "Total Cost": 2.41,
                    "Plan Rows": 1,
                    "Plan Width": 4,
                    "Actual Startup Time": 0.013,
                    "Actual Total Time": 0.016,
                    "Actual Rows": 1,
                    "Actual Loops": 1,
                    "Output": [
                      "it2.id",
                      "it2.info"
                    ],
                    "Filter": "((it2.info)::text = 'rating'::text)",
                    "Rows Removed by Filter": 112
                  },
                  {
                    "Node Type": "Nested Loop",
                    "Parent Relationship": "Inner",
                    "Parallel Aware": false,
                    "Async Capable": false,
                    "Join Type": "Inner",
                    "Startup Cost": 1.71,
                    "Total Cost": 23982.38,
                    "Plan Rows": 3403,
                    "Plan Width": 38,
                    "Actual Startup Time": 13.131,
                    "Actual Total Time": 247.757,
                    "Actual Rows": 3403,
                    "Actual Loops": 1,
                    "Output": [
                      "mk.movie_id",
                      "mi_idx.info",
                      "mi_idx.movie_id",
                      "mi_idx.info_type_id",
                      "t.title",
                      "t.id"
                    ],
                    "Inner Unique": false,
                    "Join Filter": "(mi_idx.movie_id = t.id)",
                    "Rows Removed by Join Filter": 0,
                    "Plans": [
                      {
                        "Node Type": "Nested Loop",
                        "Parent Relationship": "Outer",
                        "Parallel Aware": false,
                        "Async Capable": false,
                        "Join Type": "Inner",
                        "Startup Cost": 1.28,
                        "Total Cost": 22931.63,
                        "Plan Rows": 1966,
                        "Plan Width": 25,
                        "Actual Startup Time": 12.896,
                        "Actual Total Time": 233.13,
                        "Actual Rows": 1966,
                        "Actual Loops": 1,
                        "Output": [
                          "mk.movie_id",
                          "t.title",
                          "t.id"
                        ],
                        "Inner Unique": false,
                        "Join Filter": "(kt.id = t.kind_id)",
                        "Rows Removed by Join Filter": 616,
                        "Plans": [
                          {
                            "Node Type": "Seq Scan",
                            "Parent Relationship": "Outer",
                            "Parallel Aware": false,
                            "Async Capable": false,
                            "Relation Name": "kind_type",
                            "Schema": "public",
                            "Alias": "kt",
                            "Startup Cost": 0.0,
                            "Total Cost": 1.09,
                            "Plan Rows": 1,
                            "Plan Width": 4,
                            "Actual Startup Time": 0.007,
                            "Actual Total Time": 0.01,
                            "Actual Rows": 1,
                            "Actual Loops": 1,
                            "Output": [
                              "kt.id",
                              "kt.kind"
                            ],
                            "Filter": "((kt.kind)::text = 'movie'::text)",
                            "Rows Removed by Filter": 6
                          },
                          {
                            "Node Type": "Nested Loop",
                            "Parent Relationship": "Inner",
                            "Parallel Aware": false,
                            "Async Capable": false,
                            "Join Type": "Inner",
                            "Startup Cost": 1.28,
                            "Total Cost": 22898.27,
                            "Plan Rows": 2582,
                            "Plan Width": 29,
                            "Actual Startup Time": 0.763,
                            "Actual Total Time": 232.519,
                            "Actual Rows": 2582,
                            "Actual Loops": 1,
                            "Output": [
                              "mk.movie_id",
                              "t.title",
                              "t.kind_id",
                              "t.id"
                            ],
                            "Inner Unique": true,
                            "Plans": [
                              {
                                "Node Type": "Nested Loop",
                                "Parent Relationship": "Outer",
                                "Parallel Aware": false,
                                "Async Capable": false,
                                "Join Type": "Inner",
                                "Startup Cost": 0.85,
                                "Total Cost": 4799.31,
                                "Plan Rows": 37091,
                                "Plan Width": 4,
                                "Actual Startup Time": 0.153,
                                "Actual Total Time": 61.12,
                                "Actual Rows": 37091,
                                "Actual Loops": 1,
                                "Output": [
                                  "mk.movie_id"
                                ],
                                "Inner Unique": false,
                                "Plans": [
                                  {
                                    "Node Type": "Index Scan",
                                    "Parent Relationship": "Outer",
                                    "Parallel Aware": false,
                                    "Async Capable": false,
                                    "Scan Direction": "Forward",
                                    "Index Name": "idx_keyword_keyword",
                                    "Relation Name": "keyword",
                                    "Schema": "public",
                                    "Alias": "k",
                                    "Startup Cost": 0.42,
                                    "Total Cost": 33.74,
                                    "Plan Rows": 4,
                                    "Plan Width": 4,
                                    "Actual Startup Time": 0.116,
                                    "Actual Total Time": 0.169,
                                    "Actual Rows": 3,
                                    "Actual Loops": 1,
                                    "Output": [
                                      "k.id",
                                      "k.keyword",
                                      "k.phonetic_code"
                                    ],
                                    "Index Cond": "((k.keyword)::text = ANY ('{murder,murder-in-title,blood,violence}'::text[]))",
                                    "Rows Removed by Index Recheck": 0
                                  },
                                  {
                                    "Node Type": "Index Scan",
                                    "Parent Relationship": "Inner",
                                    "Parallel Aware": false,
                                    "Async Capable": false,
                                    "Scan Direction": "Forward",
                                    "Index Name": "idx_movie_keyword_keyword_id",
                                    "Relation Name": "movie_keyword",
                                    "Schema": "public",
                                    "Alias": "mk",
                                    "Startup Cost": 0.43,
                                    "Total Cost": 1188.37,
                                    "Plan Rows": 302,
                                    "Plan Width": 8,
                                    "Actual Startup Time": 0.022,
                                    "Actual Total Time": 18.185,
                                    "Actual Rows": 12364,
                                    "Actual Loops": 3,
                                    "Output": [
                                      "mk.id",
                                      "mk.movie_id",
                                      "mk.keyword_id"
                                    ],
                                    "Index Cond": "(mk.keyword_id = k.id)",
                                    "Rows Removed by Index Recheck": 0
                                  }
                                ]
                              },
                              {
                                "Node Type": "Index Scan",
                                "Parent Relationship": "Inner",
                                "Parallel Aware": false,
                                "Async Capable": false,
                                "Scan Direction": "Forward",
                                "Index Name": "idx_title_id",
                                "Relation Name": "title",
                                "Schema": "public",
                                "Alias": "t",
                                "Startup Cost": 0.43,
                                "Total Cost": 0.49,
                                "Plan Rows": 1,
                                "Plan Width": 25,
                                "Actual Startup Time": 0.004,
                                "Actual Total Time": 0.004,
                                "Actual Rows": 0,
                                "Actual Loops": 37091,
                                "Output": [
                                  "t.id",
                                  "t.title",
                                  "t.imdb_index",
                                  "t.kind_id",
                                  "t.production_year",
                                  "t.imdb_id",
                                  "t.phonetic_code",
                                  "t.episode_of_id",
                                  "t.season_nr",
                                  "t.episode_nr",
                                  "t.series_years",
                                  "t.md5sum"
                                ],
                                "Index Cond": "(t.id = mk.movie_id)",
                                "Rows Removed by Index Recheck": 0,
                                "Filter": "(t.production_year > 2010)",
                                "Rows Removed by Filter": 1
                              }
                            ]
                          }
                        ]
                      },
                      {
                        "Node Type": "Index Scan",
                        "Parent Relationship": "Inner",
                        "Parallel Aware": false,
                        "Async Capable": false,
                        "Scan Direction": "Forward",
                        "Index Name": "idx_movie_info_idx_movie_id",
                        "Relation Name": "movie_info_idx",
                        "Schema": "public",
                        "Alias": "mi_idx",
                        "Startup Cost": 0.43,
                        "Total Cost": 0.5,
                        "Plan Rows": 3,
                        "Plan Width": 13,
                        "Actual Startup Time": 0.006,
                        "Actual Total Time": 0.007,
                        "Actual Rows": 2,
                        "Actual Loops": 1966,
                        "Output": [
                          "mi_idx.id",
                          "mi_idx.movie_id",
                          "mi_idx.info_type_id",
                          "mi_idx.info",
                          "mi_idx.note"
                        ],
                        "Index Cond": "(mi_idx.movie_id = mk.movie_id)",
                        "Rows Removed by Index Recheck": 0,
                        "Filter": "((mi_idx.info)::text < '8.5'::text)",
                        "Rows Removed by Filter": 0
                      }
                    ]
                  }
                ]
              },
              {
                "Node Type": "Index Scan",
                "Parent Relationship": "Inner",
                "Parallel Aware": false,
                "Async Capable": false,
                "Scan Direction": "Forward",
                "Index Name": "idx_movie_info_movie_id",
                "Relation Name": "movie_info",
                "Schema": "public",
                "Alias": "mi",
                "Startup Cost": 0.43,
                "Total Cost": 1.82,
                "Plan Rows": 2,
                "Plan Width": 8,
                "Actual Startup Time": 0.075,
                "Actual Total Time": 0.089,
                "Actual Rows": 1,
                "Actual Loops": 1147,
                "Output": [
                  "mi.id",
                  "mi.movie_id",
                  "mi.info_type_id",
                  "mi.info",
                  "mi.note"
                ],
                "Index Cond": "(mi.movie_id = mk.movie_id)",
                "Rows Removed by Index Recheck": 0,
                "Filter": "((mi.info)::text = ANY ('{Sweden,Norway,Germany,Denmark,Swedish,Denish,Norwegian,German,USA,American}'::text[]))",
                "Rows Removed by Filter": 69
              }
            ]
          }
        ]
      }
    ]
  },
  "Planning Time": 11.465,
  "Triggers": [],
  "Execution Time": 352.805
}