{
  "Plan": {
    "Node Type": "Aggregate",
    "Strategy": "Plain",
    "Partial Mode": "Simple",
    "Parallel Aware": false,
    "Async Capable": false,
    "Startup Cost": 128.08,
    "Total Cost": 128.09,
    "Plan Rows": 1,
    "Plan Width": 96,
    "Actual Startup Time": 4.703,
    "Actual Total Time": 4.71,
    "Actual Rows": 1,
    "Actual Loops": 1,
    "Output": [
      "min((chn.name)::text)",
      "min((n.name)::text)",
      "min((t.title)::text)"
    ],
    "Plans": [
      {
        "Node Type": "Nested Loop",
        "Parent Relationship": "Outer",
        "Parallel Aware": false,
        "Async Capable": false,
        "Join Type": "Inner",
        "Startup Cost": 16.13,
        "Total Cost": 127.97,
        "Plan Rows": 15,
        "Plan Width": 48,
        "Actual Startup Time": 1.307,
        "Actual Total Time": 4.69,
        "Actual Rows": 15,
        "Actual Loops": 1,
        "Output": [
          "chn.name",
          "n.name",
          "t.title"
        ],
        "Inner Unique": false,
        "Join Filter": "(an.person_id = n.id)",
        "Rows Removed by Join Filter": 0,
        "Plans": [
          {
            "Node Type": "Nested Loop",
            "Parent Relationship": "Outer",
            "Parallel Aware": false,
            "Async Capable": false,
            "Join Type": "Inner",
            "Startup Cost": 15.71,
            "Total Cost": 125.53,
            "Plan Rows": 5,
            "Plan Width": 60,
            "Actual Startup Time": 1.27,
            "Actual Total Time": 4.631,
            "Actual Rows": 5,
            "Actual Loops": 1,
            "Output": [
              "ci.person_id",
              "chn.name",
              "n.name",
              "n.id",
              "pi.person_id",
              "t.title"
            ],
            "Inner Unique": true,
            "Plans": [
              {
                "Node Type": "Nested Loop",
                "Parent Relationship": "Outer",
                "Parallel Aware": false,
                "Async Capable": false,
                "Join Type": "Inner",
                "Startup Cost": 15.29,
                "Total Cost": 115.73,
                "Plan Rows": 22,
                "Plan Width": 64,
                "Actual Startup Time": 1.239,
                "Actual Total Time": 4.15,
                "Actual Rows": 22,
                "Actual Loops": 1,
                "Output": [
                  "ci.person_id",
                  "chn.name",
                  "mc.company_id",
                  "n.name",
                  "n.id",
                  "pi.person_id",
                  "t.title"
                ],
                "Inner Unique": false,
                "Join Filter": "(mc.movie_id = t.id)",
                "Rows Removed by Join Filter": 0,
                "Plans": [
                  {
                    "Node Type": "Nested Loop",
                    "Parent Relationship": "Outer",
                    "Parallel Aware": false,
                    "Async Capable": false,
                    "Join Type": "Inner",
                    "Startup Cost": 14.86,
                    "Total Cost": 115.13,
                    "Plan Rows": 1,
                    "Plan Width": 80,
                    "Actual Startup Time": 1.187,
                    "Actual Total Time": 4.062,
                    "Actual Rows": 1,
                    "Actual Loops": 1,
                    "Output": [
                      "cc.movie_id",
                      "ci.movie_id",
                      "ci.person_id",
                      "chn.name",
                      "mi.movie_id",
                      "mk.movie_id",
                      "n.name",
                      "n.id",
                      "pi.person_id",
                      "t.title",
                      "t.id"
                    ],
                    "Inner Unique": true,
                    "Plans": [
                      {
                        "Node Type": "Nested Loop",
                        "Parent Relationship": "Outer",
                        "Parallel Aware": false,
                        "Async Capable": false,
                        "Join Type": "Inner",
                        "Startup Cost": 14.72,
                        "Total Cost": 114.95,
                        "Plan Rows": 1,
                        "Plan Width": 84,
                        "Actual Startup Time": 1.17,
                        "Actual Total Time": 4.045,
                        "Actual Rows": 1,
                        "Actual Loops": 1,
                        "Output": [
                          "cc.movie_id",
                          "ci.movie_id",
                          "ci.person_id",
                          "ci.role_id",
                          "chn.name",
                          "mi.movie_id",
                          "mk.movie_id",
                          "n.name",
                          "n.id",
                          "pi.person_id",
                          "t.title",
                          "t.id"
                        ],
                        "Inner Unique": true,
                        "Join Filter": "(ci.person_id = n.id)",
                        "Rows Removed by Join Filter": 0,
                        "Plans": [
                          {
                            "Node Type": "Nested Loop",
                            "Parent Relationship": "Outer",
                            "Parallel Aware": false,
                            "Async Capable": false,
                            "Join Type": "Inner",
                            "Startup Cost": 14.29,
                            "Total Cost": 114.4,
                            "Plan Rows": 1,
                            "Plan Width": 65,
                            "Actual Startup Time": 1.111,
                            "Actual Total Time": 3.986,
                            "Actual Rows": 1,
                            "Actual Loops": 1,
                            "Output": [
                              "cc.movie_id",
                              "ci.movie_id",
                              "ci.person_id",
                              "ci.role_id",
                              "chn.name",
                              "mi.movie_id",
                              "mk.movie_id",
                              "pi.person_id",
                              "t.title",
                              "t.id"
                            ],
                            "Inner Unique": true,
                            "Plans": [
                              {
                                "Node Type": "Nested Loop",
                                "Parent Relationship": "Outer",
                                "Parallel Aware": false,
                                "Async Capable": false,
                                "Join Type": "Inner",
                                "Startup Cost": 14.15,
                                "Total Cost": 114.21,
                                "Plan Rows": 1,
                                "Plan Width": 69,
                                "Actual Startup Time": 1.103,
                                "Actual Total Time": 3.978,
                                "Actual Rows": 1,
                                "Actual Loops": 1,
                                "Output": [
                                  "cc.movie_id",
                                  "ci.movie_id",
                                  "ci.person_id",
                                  "ci.role_id",
                                  "chn.name",
                                  "mi.movie_id",
                                  "mi.info_type_id",
                                  "mk.movie_id",
                                  "pi.person_id",
                                  "t.title",
                                  "t.id"
                                ],
                                "Inner Unique": false,
                                "Join Filter": "(mi.movie_id = t.id)",
                                "Rows Removed by Join Filter": 0,
                                "Plans": [
                                  {
                                    "Node Type": "Nested Loop",
                                    "Parent Relationship": "Outer",
                                    "Parallel Aware": false,
                                    "Async Capable": false,
                                    "Join Type": "Inner",
                                    "Startup Cost": 13.72,
                                    "Total Cost": 112.79,
                                    "Plan Rows": 1,
                                    "Plan Width": 61,
                                    "Actual Startup Time": 0.947,
                                    "Actual Total Time": 3.387,
                                    "Actual Rows": 1,
                                    "Actual Loops": 1,
                                    "Output": [
                                      "cc.movie_id",
                                      "ci.movie_id",
                                      "ci.person_id",
                                      "ci.role_id",
                                      "chn.name",
                                      "mk.movie_id",
                                      "pi.person_id",
                                      "t.title",
                                      "t.id"
                                    ],
                                    "Inner Unique": true,
                                    "Plans": [
                                      {
                                        "Node Type": "Nested Loop",
                                        "Parent Relationship": "Outer",
                                        "Parallel Aware": false,
                                        "Async Capable": false,
                                        "Join Type": "Inner",
                                        "Startup Cost": 13.59,
                                        "Total Cost": 112.62,
                                        "Plan Rows": 1,
                                        "Plan Width": 65,
                                        "Actual Startup Time": 0.943,
                                        "Actual Total Time": 3.383,
                                        "Actual Rows": 1,
                                        "Actual Loops": 1,
                                        "Output": [
                                          "cc.movie_id",
                                          "cc.status_id",
                                          "ci.movie_id",
                                          "ci.person_id",
                                          "ci.role_id",
                                          "chn.name",
                                          "mk.movie_id",
                                          "pi.person_id",
                                          "t.title",
                                          "t.id"
                                        ],
                                        "Inner Unique": true,
                                        "Plans": [
                                          {
                                            "Node Type": "Hash Join",
                                            "Parent Relationship": "Outer",
                                            "Parallel Aware": false,
                                            "Async Capable": false,
                                            "Join Type": "Inner",
                                            "Startup Cost": 13.46,
                                            "Total Cost": 112.45,
                                            "Plan Rows": 1,
                                            "Plan Width": 69,
                                            "Actual Startup Time": 0.931,
                                            "Actual Total Time": 3.37,
                                            "Actual Rows": 1,
                                            "Actual Loops": 1,
                                            "Output": [
                                              "cc.movie_id",
                                              "cc.subject_id",
                                              "cc.status_id",
                                              "ci.movie_id",
                                              "ci.person_id",
                                              "ci.role_id",
                                              "chn.name",
                                              "mk.movie_id",
                                              "pi.person_id",
                                              "t.title",
                                              "t.id"
                                            ],
                                            "Inner Unique": true,
                                            "Hash Cond": "(pi.info_type_id = it3.id)",
                                            "Plans": [
                                              {
                                                "Node Type": "Nested Loop",
                                                "Parent Relationship": "Outer",
                                                "Parallel Aware": false,
                                                "Async Capable": false,
                                                "Join Type": "Inner",
                                                "Startup Cost": 11.03,
                                                "Total Cost": 109.58,
                                                "Plan Rows": 163,
                                                "Plan Width": 73,
                                                "Actual Startup Time": 0.752,
                                                "Actual Total Time": 3.293,
                                                "Actual Rows": 163,
                                                "Actual Loops": 1,
                                                "Output": [
                                                  "cc.movie_id",
                                                  "cc.subject_id",
                                                  "cc.status_id",
                                                  "ci.movie_id",
                                                  "ci.person_id",
                                                  "ci.role_id",
                                                  "chn.name",
                                                  "mk.movie_id",
                                                  "pi.person_id",
                                                  "pi.info_type_id",
                                                  "t.title",
                                                  "t.id"
                                                ],
                                                "Inner Unique": false,
                                                "Plans": [
                                                  {
                                                    "Node Type": "Nested Loop",
                                                    "Parent Relationship": "Outer",
                                                    "Parallel Aware": false,
                                                    "Async Capable": false,
                                                    "Join Type": "Inner",
                                                    "Startup Cost": 10.6,
                                                    "Total Cost": 108.22,
                                                    "Plan Rows": 1,
                                                    "Plan Width": 65,
                                                    "Actual Startup Time": 0.696,
                                                    "Actual Total Time": 3.083,
                                                    "Actual Rows": 1,
                                                    "Actual Loops": 1,
                                                    "Output": [
                                                      "cc.movie_id",
                                                      "cc.subject_id",
                                                      "cc.status_id",
                                                      "ci.movie_id",
                                                      "ci.person_id",
                                                      "ci.role_id",
                                                      "chn.name",
                                                      "mk.movie_id",
                                                      "t.title",
                                                      "t.id"
                                                    ],
                                                    "Inner Unique": false,
                                                    "Join Filter": "(chn.id = ci.person_role_id)",
                                                    "Rows Removed by Join Filter": 37,
                                                    "Plans": [
                                                      {
                                                        "Node Type": "Index Scan",
                                                        "Parent Relationship": "Outer",
                                                        "Parallel Aware": false,
                                                        "Async Capable": false,
                                                        "Scan Direction": "Forward",
                                                        "Index Name": "idx_char_name_name",
                                                        "Relation Name": "char_name",
                                                        "Schema": "public",
                                                        "Alias": "chn",
                                                        "Startup Cost": 0.43,
                                                        "Total Cost": 8.45,
                                                        "Plan Rows": 1,
                                                        "Plan Width": 20,
                                                        "Actual Startup Time": 0.09,
                                                        "Actual Total Time": 0.091,
                                                        "Actual Rows": 1,
                                                        "Actual Loops": 1,
                                                        "Output": [
                                                          "chn.id",
                                                          "chn.name",
                                                          "chn.imdb_index",
                                                          "chn.imdb_id",
                                                          "chn.name_pcode_nf",
                                                          "chn.surname_pcode",
                                                          "chn.md5sum"
                                                        ],
                                                        "Index Cond": "((chn.name)::text = 'Queen'::text)",
                                                        "Rows Removed by Index Recheck": 0
                                                      },
                                                      {
                                                        "Node Type": "Nested Loop",
                                                        "Parent Relationship": "Inner",
                                                        "Parallel Aware": false,
                                                        "Async Capable": false,
                                                        "Join Type": "Inner",
                                                        "Startup Cost": 10.17,
                                                        "Total Cost": 99.3,
                                                        "Plan Rows": 38,
                                                        "Plan Width": 53,
                                                        "Actual Startup Time": 0.308,
                                                        "Actual Total Time": 2.983,
                                                        "Actual Rows": 38,
                                                        "Actual Loops": 1,
                                                        "Output": [
                                                          "cc.movie_id",
                                                          "cc.subject_id",
                                                          "cc.status_id",
                                                          "ci.movie_id",
                                                          "ci.person_id",
                                                          "ci.role_id",
                                                          "ci.person_role_id",
                                                          "mk.movie_id",
                                                          "t.title",
                                                          "t.id"
                                                        ],
                                                        "Inner Unique": false,
                                                        "Join Filter": "(ci.movie_id = t.id)",
                                                        "Rows Removed by Join Filter": 0,
                                                        "Plans": [
                                                          {
                                                            "Node Type": "Nested Loop",
                                                            "Parent Relationship": "Outer",
                                                            "Parallel Aware": false,
                                                            "Async Capable": false,
                                                            "Join Type": "Inner",
                                                            "Startup Cost": 9.73,
                                                            "Total Cost": 97.78,
                                                            "Plan Rows": 1,
                                                            "Plan Width": 37,
                                                            "Actual Startup Time": 0.246,
                                                            "Actual Total Time": 0.331,
                                                            "Actual Rows": 1,
                                                            "Actual Loops": 1,
                                                            "Output": [
                                                              "cc.movie_id",
                                                              "cc.subject_id",
                                                              "cc.status_id",
                                                              "mk.movie_id",
                                                              "t.title",
                                                              "t.id"
                                                            ],
                                                            "Inner Unique": false,
                                                            "Join Filter": "(cc.movie_id = t.id)",
                                                            "Rows Removed by Join Filter": 0,
                                                            "Plans": [
                                                              {
                                                                "Node Type": "Hash Join",
                                                                "Parent Relationship": "Outer",
                                                                "Parallel Aware": false,
                                                                "Async Capable": false,
                                                                "Join Type": "Inner",
                                                                "Startup Cost": 9.31,
                                                                "Total Cost": 97.3,
                                                                "Plan Rows": 1,
                                                                "Plan Width": 25,
                                                                "Actual Startup Time": 0.208,
                                                                "Actual Total Time": 0.292,
                                                                "Actual Rows": 1,
                                                                "Actual Loops": 1,
                                                                "Output": [
                                                                  "mk.movie_id",
                                                                  "t.title",
                                                                  "t.id"
                                                                ],
                                                                "Inner Unique": true,
                                                                "Hash Cond": "(mk.keyword_id = k.id)",
                                                                "Plans": [
                                                                  {
                                                                    "Node Type": "Nested Loop",
                                                                    "Parent Relationship": "Outer",
                                                                    "Parallel Aware": false,
                                                                    "Async Capable": false,
                                                                    "Join Type": "Inner",
                                                                    "Startup Cost": 0.86,
                                                                    "Total Cost": 88.49,
                                                                    "Plan Rows": 136,
                                                                    "Plan Width": 29,
                                                                    "Actual Startup Time": 0.145,
                                                                    "Actual Total Time": 0.224,
                                                                    "Actual Rows": 136,
                                                                    "Actual Loops": 1,
                                                                    "Output": [
                                                                      "mk.movie_id",
                                                                      "mk.keyword_id",
                                                                      "t.title",
                                                                      "t.id"
                                                                    ],
                                                                    "Inner Unique": false,
                                                                    "Plans": [
                                                                      {
                                                                        "Node Type": "Index Scan",
                                                                        "Parent Relationship": "Outer",
                                                                        "Parallel Aware": false,
                                                                        "Async Capable": false,
                                                                        "Scan Direction": "Forward",
                                                                        "Index Name": "idx_title_title",
                                                                        "Relation Name": "title",
                                                                        "Schema": "public",
                                                                        "Alias": "t",
                                                                        "Startup Cost": 0.43,
                                                                        "Total Cost": 58.94,
                                                                        "Plan Rows": 3,
                                                                        "Plan Width": 21,
                                                                        "Actual Startup Time": 0.084,
                                                                        "Actual Total Time": 0.099,
                                                                        "Actual Rows": 2,
                                                                        "Actual Loops": 1,
                                                                        "Output": [
                                                                          "t.id",
                                                                          "t.title",
                                                                          "t.imdb_index",
                                                                          "t.kind_id",
                                                                          "t.production_year",
                                                                          "t.imdb_id",
                                                                          "t.phonetic_code",
                                                                          "t.episode_of_id",
                                                                          "t.season_nr",
                                                                          "t.episode_nr",
                                                                          "t.series_years",
                                                                          "t.md5sum"
                                                                        ],
                                                                        "Index Cond": "((t.title)::text = 'Shrek 2'::text)",
                                                                        "Rows Removed by Index Recheck": 0,
                                                                        "Filter": "((t.production_year >= 2000) AND (t.production_year <= 2005))",
                                                                        "Rows Removed by Filter": 1
                                                                      },
                                                                      {
                                                                        "Node Type": "Index Scan",
                                                                        "Parent Relationship": "Inner",
                                                                        "Parallel Aware": false,
                                                                        "Async Capable": false,
                                                                        "Scan Direction": "Forward",
                                                                        "Index Name": "idx_movie_keyword_movie_id",
                                                                        "Relation Name": "movie_keyword",
                                                                        "Schema": "public",
                                                                        "Alias": "mk",
                                                                        "Startup Cost": 0.43,
                                                                        "Total Cost": 9.39,
                                                                        "Plan Rows": 46,
                                                                        "Plan Width": 8,
                                                                        "Actual Startup Time": 0.032,
                                                                        "Actual Total Time": 0.048,
                                                                        "Actual Rows": 68,
                                                                        "Actual Loops": 2,
                                                                        "Output": [
                                                                          "mk.id",
                                                                          "mk.movie_id",
                                                                          "mk.keyword_id"
                                                                        ],
                                                                        "Index Cond": "(mk.movie_id = t.id)",
                                                                        "Rows Removed by Index Recheck": 0
                                                                      }
                                                                    ]
                                                                  },
                                                                  {
                                                                    "Node Type": "Hash",
                                                                    "Parent Relationship": "Inner",
                                                                    "Parallel Aware": false,
                                                                    "Async Capable": false,
                                                                    "Startup Cost": 8.44,
                                                                    "Total Cost": 8.44,
                                                                    "Plan Rows": 1,
                                                                    "Plan Width": 4,
                                                                    "Actual Startup Time": 0.045,
                                                                    "Actual Total Time": 0.046,
                                                                    "Actual Rows": 1,
                                                                    "Actual Loops": 1,
                                                                    "Output": [
                                                                      "k.id"
                                                                    ],
                                                                    "Hash Buckets": 1024,
                                                                    "Original Hash Buckets": 1024,
                                                                    "Hash Batches": 1,
                                                                    "Original Hash Batches": 1,
                                                                    "Peak Memory Usage": 9,
                                                                    "Plans": [
                                                                      {
                                                                        "Node Type": "Index Scan",
                                                                        "Parent Relationship": "Outer",
                                                                        "Parallel Aware": false,
                                                                        "Async Capable": false,
                                                                        "Scan Direction": "Forward",
                                                                        "Index Name": "idx_keyword_keyword",
                                                                        "Relation Name": "keyword",
                                                                        "Schema": "public",
                                                                        "Alias": "k",
                                                                        "Startup Cost": 0.42,
                                                                        "Total Cost": 8.44,
                                                                        "Plan Rows": 1,
                                                                        "Plan Width": 4,
                                                                        "Actual Startup Time": 0.042,
                                                                        "Actual Total Time": 0.044,
                                                                        "Actual Rows": 1,
                                                                        "Actual Loops": 1,
                                                                        "Output": [
                                                                          "k.id"
                                                                        ],
                                                                        "Index Cond": "((k.keyword)::text = 'computer-animation'::text)",
                                                                        "Rows Removed by Index Recheck": 0
                                                                      }
                                                                    ]
                                                                  }
                                                                ]
                                                              },
                                                              {
                                                                "Node Type": "Index Scan",
                                                                "Parent Relationship": "Inner",
                                                                "Parallel Aware": false,
                                                                "Async Capable": false,
                                                                "Scan Direction": "Forward",
                                                                "Index Name": "idx_complete_cast_movie_id",
                                                                "Relation Name": "complete_cast",
                                                                "Schema": "public",
                                                                "Alias": "cc",
                                                                "Startup Cost": 0.42,
                                                                "Total Cost": 0.46,
                                                                "Plan Rows": 2,
                                                                "Plan Width": 12,
                                                                "Actual Startup Time": 0.036,
                                                                "Actual Total Time": 0.037,
                                                                "Actual Rows": 1,
                                                                "Actual Loops": 1,
                                                                "Output": [
                                                                  "cc.id",
                                                                  "cc.movie_id",
                                                                  "cc.subject_id",
                                                                  "cc.status_id"
                                                                ],
                                                                "Index Cond": "(cc.movie_id = mk.movie_id)",
                                                                "Rows Removed by Index Recheck": 0
                                                              }
                                                            ]
                                                          },
                                                          {
                                                            "Node Type": "Index Scan",
                                                            "Parent Relationship": "Inner",
                                                            "Parallel Aware": false,
                                                            "Async Capable": false,
                                                            "Scan Direction": "Forward",
                                                            "Index Name": "idx_cast_info_movie_id",
                                                            "Relation Name": "cast_info",
                                                            "Schema": "public",
                                                            "Alias": "ci",
                                                            "Startup Cost": 0.44,
                                                            "Total Cost": 1.5,
                                                            "Plan Rows": 1,
                                                            "Plan Width": 16,
                                                            "Actual Startup Time": 0.061,
                                                            "Actual Total Time": 2.639,
                                                            "Actual Rows": 38,
                                                            "Actual Loops": 1,
                                                            "Output": [
                                                              "ci.id",
                                                              "ci.person_id",
                                                              "ci.movie_id",
                                                              "ci.person_role_id",
                                                              "ci.note",
                                                              "ci.nr_order",
                                                              "ci.role_id"
                                                            ],
                                                            "Index Cond": "(ci.movie_id = mk.movie_id)",
                                                            "Rows Removed by Index Recheck": 0,
                                                            "Filter": "((ci.note)::text = ANY ('{(voice),\"(voice) (uncredited)\",\"(voice: English version)\"}'::text[]))",
                                                            "Rows Removed by Filter": 191
                                                          }
                                                        ]
                                                      }
                                                    ]
                                                  },
                                                  {
                                                    "Node Type": "Index Scan",
                                                    "Parent Relationship": "Inner",
                                                    "Parallel Aware": false,
                                                    "Async Capable": false,
                                                    "Scan Direction": "Forward",
                                                    "Index Name": "idx_person_info_person_id",
                                                    "Relation Name": "person_info",
                                                    "Schema": "public",
                                                    "Alias": "pi",
                                                    "Startup Cost": 0.43,
                                                    "Total Cost": 1.13,
                                                    "Plan Rows": 24,
                                                    "Plan Width": 8,
                                                    "Actual Startup Time": 0.054,
                                                    "Actual Total Time": 0.169,
                                                    "Actual Rows": 163,
                                                    "Actual Loops": 1,
                                                    "Output": [
                                                      "pi.id",
                                                      "pi.person_id",
                                                      "pi.info_type_id",
                                                      "pi.info",
                                                      "pi.note"
                                                    ],
                                                    "Index Cond": "(pi.person_id = ci.person_id)",
                                                    "Rows Removed by Index Recheck": 0
                                                  }
                                                ]
                                              },
                                              {
                                                "Node Type": "Hash",
                                                "Parent Relationship": "Inner",
                                                "Parallel Aware": false,
                                                "Async Capable": false,
                                                "Startup Cost": 2.41,
                                                "Total Cost": 2.41,
                                                "Plan Rows": 1,
                                                "Plan Width": 4,
                                                "Actual Startup Time": 0.05,
                                                "Actual Total Time": 0.05,
                                                "Actual Rows": 1,
                                                "Actual Loops": 1,
                                                "Output": [
                                                  "it3.id"
                                                ],
                                                "Hash Buckets": 1024,
                                                "Original Hash Buckets": 1024,
                                                "Hash Batches": 1,
                                                "Original Hash Batches": 1,
                                                "Peak Memory Usage": 9,
                                                "Plans": [
                                                  {
                                                    "Node Type": "Seq Scan",
                                                    "Parent Relationship": "Outer",
                                                    "Parallel Aware": false,
                                                    "Async Capable": false,
                                                    "Relation Name": "info_type",
                                                    "Schema": "public",
                                                    "Alias": "it3",
                                                    "Startup Cost": 0.0,
                                                    "Total Cost": 2.41,
                                                    "Plan Rows": 1,
                                                    "Plan Width": 4,
                                                    "Actual Startup Time": 0.032,
                                                    "Actual Total Time": 0.045,
                                                    "Actual Rows": 1,
                                                    "Actual Loops": 1,
                                                    "Output": [
                                                      "it3.id"
                                                    ],
                                                    "Filter": "((it3.info)::text = 'height'::text)",
                                                    "Rows Removed by Filter": 112
                                                  }
                                                ]
                                              }
                                            ]
                                          },
                                          {
                                            "Node Type": "Index Scan",
                                            "Parent Relationship": "Inner",
                                            "Parallel Aware": false,
                                            "Async Capable": false,
                                            "Scan Direction": "Forward",
                                            "Index Name": "idx_comp_cast_type_id",
                                            "Relation Name": "comp_cast_type",
                                            "Schema": "public",
                                            "Alias": "cct1",
                                            "Startup Cost": 0.13,
                                            "Total Cost": 0.15,
                                            "Plan Rows": 1,
                                            "Plan Width": 4,
                                            "Actual Startup Time": 0.011,
                                            "Actual Total Time": 0.011,
                                            "Actual Rows": 1,
                                            "Actual Loops": 1,
                                            "Output": [
                                              "cct1.id",
                                              "cct1.kind"
                                            ],
                                            "Index Cond": "(cct1.id = cc.subject_id)",
                                            "Rows Removed by Index Recheck": 0,
                                            "Filter": "((cct1.kind)::text = 'cast'::text)",
                                            "Rows Removed by Filter": 0
                                          }
                                        ]
                                      },
                                      {
                                        "Node Type": "Index Scan",
                                        "Parent Relationship": "Inner",
                                        "Parallel Aware": false,
                                        "Async Capable": false,
                                        "Scan Direction": "Forward",
                                        "Index Name": "idx_comp_cast_type_id",
                                        "Relation Name": "comp_cast_type",
                                        "Schema": "public",
                                        "Alias": "cct2",
                                        "Startup Cost": 0.13,
                                        "Total Cost": 0.15,
                                        "Plan Rows": 1,
                                        "Plan Width": 4,
                                        "Actual Startup Time": 0.003,
                                        "Actual Total Time": 0.003,
                                        "Actual Rows": 1,
                                        "Actual Loops": 1,
                                        "Output": [
                                          "cct2.id",
                                          "cct2.kind"
                                        ],
                                        "Index Cond": "(cct2.id = cc.status_id)",
                                        "Rows Removed by Index Recheck": 0,
                                        "Filter": "((cct2.kind)::text = 'complete+verified'::text)",
                                        "Rows Removed by Filter": 0
                                      }
                                    ]
                                  },
                                  {
                                    "Node Type": "Index Scan",
                                    "Parent Relationship": "Inner",
                                    "Parallel Aware": false,
                                    "Async Capable": false,
                                    "Scan Direction": "Forward",
                                    "Index Name": "idx_movie_info_movie_id",
                                    "Relation Name": "movie_info",
                                    "Schema": "public",
                                    "Alias": "mi",
                                    "Startup Cost": 0.43,
                                    "Total Cost": 1.41,
                                    "Plan Rows": 1,
                                    "Plan Width": 8,
                                    "Actual Startup Time": 0.155,
                                    "Actual Total Time": 0.589,
                                    "Actual Rows": 1,
                                    "Actual Loops": 1,
                                    "Output": [
                                      "mi.id",
                                      "mi.movie_id",
                                      "mi.info_type_id",
                                      "mi.info",
                                      "mi.note"
                                    ],
                                    "Index Cond": "(mi.movie_id = mk.movie_id)",
                                    "Rows Removed by Index Recheck": 0,
                                    "Filter": "((mi.info)::text ~~ 'USA:%200%'::text)",
                                    "Rows Removed by Filter": 456
                                  }
                                ]
                              },
                              {
                                "Node Type": "Index Scan",
                                "Parent Relationship": "Inner",
                                "Parallel Aware": false,
                                "Async Capable": false,
                                "Scan Direction": "Forward",
                                "Index Name": "idx_info_type_id",
                                "Relation Name": "info_type",
                                "Schema": "public",
                                "Alias": "it",
                                "Startup Cost": 0.14,
                                "Total Cost": 0.16,
                                "Plan Rows": 1,
                                "Plan Width": 4,
                                "Actual Startup Time": 0.006,
                                "Actual Total Time": 0.006,
                                "Actual Rows": 1,
                                "Actual Loops": 1,
                                "Output": [
                                  "it.id",
                                  "it.info"
                                ],
                                "Index Cond": "(it.id = mi.info_type_id)",
                                "Rows Removed by Index Recheck": 0,
                                "Filter": "((it.info)::text = 'release dates'::text)",
                                "Rows Removed by Filter": 0
                              }
                            ]
                          },
                          {
                            "Node Type": "Index Scan",
                            "Parent Relationship": "Inner",
                            "Parallel Aware": false,
                            "Async Capable": false,
                            "Scan Direction": "Forward",
                            "Index Name": "idx_name_id",
                            "Relation Name": "name",
                            "Schema": "public",
                            "Alias": "n",
                            "Startup Cost": 0.43,
                            "Total Cost": 0.54,
                            "Plan Rows": 1,
                            "Plan Width": 19,
                            "Actual Startup Time": 0.057,
                            "Actual Total Time": 0.058,
                            "Actual Rows": 1,
                            "Actual Loops": 1,
                            "Output": [
                              "n.id",
                              "n.name",
                              "n.imdb_index",
                              "n.imdb_id",
                              "n.gender",
                              "n.name_pcode_cf",
                              "n.name_pcode_nf",
                              "n.surname_pcode",
                              "n.md5sum"
                            ],
                            "Index Cond": "(n.id = pi.person_id)",
                            "Rows Removed by Index Recheck": 0,
                            "Filter": "(((n.name)::text ~~ '%An%'::text) AND ((n.gender)::text = 'f'::text))",
                            "Rows Removed by Filter": 0
                          }
                        ]
                      },
                      {
                        "Node Type": "Index Scan",
                        "Parent Relationship": "Inner",
                        "Parallel Aware": false,
                        "Async Capable": false,
                        "Scan Direction": "Forward",
                        "Index Name": "idx_role_type_id",
                        "Relation Name": "role_type",
                        "Schema": "public",
                        "Alias": "rt",
                        "Startup Cost": 0.14,
                        "Total Cost": 0.16,
                        "Plan Rows": 1,
                        "Plan Width": 4,
                        "Actual Startup Time": 0.016,
                        "Actual Total Time": 0.016,
                        "Actual Rows": 1,
                        "Actual Loops": 1,
                        "Output": [
                          "rt.id",
                          "rt.role"
                        ],
                        "Index Cond": "(rt.id = ci.role_id)",
                        "Rows Removed by Index Recheck": 0,
                        "Filter": "((rt.role)::text = 'actress'::text)",
                        "Rows Removed by Filter": 0
                      }
                    ]
                  },
                  {
                    "Node Type": "Index Scan",
                    "Parent Relationship": "Inner",
                    "Parallel Aware": false,
                    "Async Capable": false,
                    "Scan Direction": "Forward",
                    "Index Name": "idx_movie_companies_movie_id",
                    "Relation Name": "movie_companies",
                    "Schema": "public",
                    "Alias": "mc",
                    "Startup Cost": 0.43,
                    "Total Cost": 0.54,
                    "Plan Rows": 5,
                    "Plan Width": 8,
                    "Actual Startup Time": 0.051,
                    "Actual Total Time": 0.079,
                    "Actual Rows": 22,
                    "Actual Loops": 1,
                    "Output": [
                      "mc.id",
                      "mc.movie_id",
                      "mc.company_id",
                      "mc.company_type_id",
                      "mc.note"
                    ],
                    "Index Cond": "(mc.movie_id = mk.movie_id)",
                    "Rows Removed by Index Recheck": 0
                  }
                ]
              },
              {
                "Node Type": "Index Scan",
                "Parent Relationship": "Inner",
                "Parallel Aware": false,
                "Async Capable": false,
                "Scan Direction": "Forward",
                "Index Name": "idx_company_name_id",
                "Relation Name": "company_name",
                "Schema": "public",
                "Alias": "cn",
                "Startup Cost": 0.42,
                "Total Cost": 0.45,
                "Plan Rows": 1,
                "Plan Width": 4,
                "Actual Startup Time": 0.021,
                "Actual Total Time": 0.021,
                "Actual Rows": 0,
                "Actual Loops": 22,
                "Output": [
                  "cn.id",
                  "cn.name",
                  "cn.country_code",
                  "cn.imdb_id",
                  "cn.name_pcode_nf",
                  "cn.name_pcode_sf",
                  "cn.md5sum"
                ],
                "Index Cond": "(cn.id = mc.company_id)",
                "Rows Removed by Index Recheck": 0,
                "Filter": "((cn.country_code)::text = '[us]'::text)",
                "Rows Removed by Filter": 1
              }
            ]
          },
          {
            "Node Type": "Index Only Scan",
            "Parent Relationship": "Inner",
            "Parallel Aware": false,
            "Async Capable": false,
            "Scan Direction": "Forward",
            "Index Name": "idx_aka_name_person_id",
            "Relation Name": "aka_name",
            "Schema": "public",
            "Alias": "an",
            "Startup Cost": 0.42,
            "Total Cost": 0.46,
            "Plan Rows": 2,
            "Plan Width": 4,
            "Actual Startup Time": 0.009,
            "Actual Total Time": 0.01,
            "Actual Rows": 3,
            "Actual Loops": 5,
            "Output": [
              "an.person_id"
            ],
            "Index Cond": "(an.person_id = pi.person_id)",
            "Rows Removed by Index Recheck": 0,
            "Heap Fetches": 0
          }
        ]
      }
    ]
  },
  "Planning Time": 118207.322,
  "Triggers": [],
  "Execution Time": 4.974
}