{
  "Plan": {
    "Node Type": "Aggregate",
    "Strategy": "Plain",
    "Partial Mode": "Simple",
    "Parallel Aware": false,
    "Async Capable": false,
    "Startup Cost": 174648.85,
    "Total Cost": 174648.86,
    "Plan Rows": 1,
    "Plan Width": 64,
    "Actual Startup Time": 2012.886,
    "Actual Total Time": 2012.895,
    "Actual Rows": 1,
    "Actual Loops": 1,
    "Output": [
      "min((an.name)::text)",
      "min((t.title)::text)"
    ],
    "Plans": [
      {
        "Node Type": "Hash Join",
        "Parent Relationship": "Outer",
        "Parallel Aware": false,
        "Async Capable": false,
        "Join Type": "Inner",
        "Startup Cost": 148780.43,
        "Total Cost": 173049.19,
        "Plan Rows": 319932,
        "Plan Width": 33,
        "Actual Startup Time": 1594.17,
        "Actual Total Time": 1925.144,
        "Actual Rows": 319932,
        "Actual Loops": 1,
        "Output": [
          "an.name",
          "t.title"
        ],
        "Inner Unique": false,
        "Hash Cond": "(an.person_id = n.id)",
        "Plans": [
          {
            "Node Type": "Seq Scan",
            "Parent Relationship": "Outer",
            "Parallel Aware": false,
            "Async Capable": false,
            "Relation Name": "aka_name",
            "Schema": "public",
            "Alias": "an",
            "Startup Cost": 0.0,
            "Total Cost": 20409.43,
            "Plan Rows": 901343,
            "Plan Width": 20,
            "Actual Startup Time": 0.026,
            "Actual Total Time": 87.525,
            "Actual Rows": 901343,
            "Actual Loops": 1,
            "Output": [
              "an.id",
              "an.person_id",
              "an.name",
              "an.imdb_index",
              "an.name_pcode_cf",
              "an.name_pcode_nf",
              "an.surname_pcode",
              "an.md5sum"
            ]
          },
          {
            "Node Type": "Hash",
            "Parent Relationship": "Inner",
            "Parallel Aware": false,
            "Async Capable": false,
            "Startup Cost": 146010.32,
            "Total Cost": 146010.32,
            "Plan Rows": 221609,
            "Plan Width": 25,
            "Actual Startup Time": 1592.548,
            "Actual Total Time": 1592.555,
            "Actual Rows": 221609,
            "Actual Loops": 1,
            "Output": [
              "ci.person_id",
              "n.id",
              "t.title"
            ],
            "Hash Buckets": 262144,
            "Original Hash Buckets": 262144,
            "Hash Batches": 1,
            "Original Hash Batches": 1,
            "Peak Memory Usage": 15747,
            "Plans": [
              {
                "Node Type": "Nested Loop",
                "Parent Relationship": "Outer",
                "Parallel Aware": false,
                "Async Capable": false,
                "Join Type": "Inner",
                "Startup Cost": 3.0,
                "Total Cost": 146010.32,
                "Plan Rows": 221609,
                "Plan Width": 25,
                "Actual Startup Time": 41.297,
                "Actual Total Time": 1491.876,
                "Actual Rows": 221609,
                "Actual Loops": 1,
                "Output": [
                  "ci.person_id",
                  "n.id",
                  "t.title"
                ],
                "Inner Unique": true,
                "Plans": [
                  {
                    "Node Type": "Nested Loop",
                    "Parent Relationship": "Outer",
                    "Parallel Aware": false,
                    "Async Capable": false,
                    "Join Type": "Inner",
                    "Startup Cost": 2.57,
                    "Total Cost": 46560.75,
                    "Plan Rows": 221609,
                    "Plan Width": 21,
                    "Actual Startup Time": 41.244,
                    "Actual Total Time": 772.317,
                    "Actual Rows": 221609,
                    "Actual Loops": 1,
                    "Output": [
                      "ci.person_id",
                      "t.title"
                    ],
                    "Inner Unique": false,
                    "Join Filter": "(ci.movie_id = t.id)",
                    "Rows Removed by Join Filter": 0,
                    "Plans": [
                      {
                        "Node Type": "Nested Loop",
                        "Parent Relationship": "Outer",
                        "Parallel Aware": false,
                        "Async Capable": false,
                        "Join Type": "Inner",
                        "Startup Cost": 2.13,
                        "Total Cost": 30887.07,
                        "Plan Rows": 8538,
                        "Plan Width": 29,
                        "Actual Startup Time": 41.171,
                        "Actual Total Time": 375.958,
                        "Actual Rows": 8538,
                        "Actual Loops": 1,
                        "Output": [
                          "mc.movie_id",
                          "mk.movie_id",
                          "t.title",
                          "t.id"
                        ],
                        "Inner Unique": true,
                        "Plans": [
                          {
                            "Node Type": "Nested Loop",
                            "Parent Relationship": "Outer",
                            "Parallel Aware": false,
                            "Async Capable": false,
                            "Join Type": "Inner",
                            "Startup Cost": 1.71,
                            "Total Cost": 25804.73,
                            "Plan Rows": 11406,
                            "Plan Width": 33,
                            "Actual Startup Time": 40.494,
                            "Actual Total Time": 328.078,
                            "Actual Rows": 11406,
                            "Actual Loops": 1,
                            "Output": [
                              "mk.movie_id",
                              "mc.movie_id",
                              "mc.company_id",
                              "t.title",
                              "t.id"
                            ],
                            "Inner Unique": false,
                            "Join Filter": "(mc.movie_id = t.id)",
                            "Rows Removed by Join Filter": 0,
                            "Plans": [
                              {
                                "Node Type": "Nested Loop",
                                "Parent Relationship": "Outer",
                                "Parallel Aware": false,
                                "Async Capable": false,
                                "Join Type": "Inner",
                                "Startup Cost": 1.28,
                                "Total Cost": 21641.1,
                                "Plan Rows": 6926,
                                "Plan Width": 25,
                                "Actual Startup Time": 40.314,
                                "Actual Total Time": 288.376,
                                "Actual Rows": 6926,
                                "Actual Loops": 1,
                                "Output": [
                                  "mk.movie_id",
                                  "t.title",
                                  "t.id"
                                ],
                                "Inner Unique": true,
                                "Plans": [
                                  {
                                    "Node Type": "Nested Loop",
                                    "Parent Relationship": "Outer",
                                    "Parallel Aware": false,
                                    "Async Capable": false,
                                    "Join Type": "Inner",
                                    "Startup Cost": 0.85,
                                    "Total Cost": 1224.82,
                                    "Plan Rows": 41840,
                                    "Plan Width": 4,
                                    "Actual Startup Time": 40.257,
                                    "Actual Total Time": 91.699,
                                    "Actual Rows": 41840,
                                    "Actual Loops": 1,
                                    "Output": [
                                      "mk.movie_id"
                                    ],
                                    "Inner Unique": false,
                                    "Plans": [
                                      {
                                        "Node Type": "Index Scan",
                                        "Parent Relationship": "Outer",
                                        "Parallel Aware": false,
                                        "Async Capable": false,
                                        "Scan Direction": "Forward",
                                        "Index Name": "idx_keyword_keyword",
                                        "Relation Name": "keyword",
                                        "Schema": "public",
                                        "Alias": "k",
                                        "Startup Cost": 0.42,
                                        "Total Cost": 8.44,
                                        "Plan Rows": 1,
                                        "Plan Width": 4,
                                        "Actual Startup Time": 0.062,
                                        "Actual Total Time": 0.064,
                                        "Actual Rows": 1,
                                        "Actual Loops": 1,
                                        "Output": [
                                          "k.id",
                                          "k.keyword",
                                          "k.phonetic_code"
                                        ],
                                        "Index Cond": "((k.keyword)::text = 'character-name-in-title'::text)",
                                        "Rows Removed by Index Recheck": 0
                                      },
                                      {
                                        "Node Type": "Index Scan",
                                        "Parent Relationship": "Inner",
                                        "Parallel Aware": false,
                                        "Async Capable": false,
                                        "Scan Direction": "Forward",
                                        "Index Name": "idx_movie_keyword_keyword_id",
                                        "Relation Name": "movie_keyword",
                                        "Schema": "public",
                                        "Alias": "mk",
                                        "Startup Cost": 0.43,
                                        "Total Cost": 1213.36,
                                        "Plan Rows": 302,
                                        "Plan Width": 8,
                                        "Actual Startup Time": 0.068,
                                        "Actual Total Time": 42.805,
                                        "Actual Rows": 41840,
                                        "Actual Loops": 1,
                                        "Output": [
                                          "mk.id",
                                          "mk.movie_id",
                                          "mk.keyword_id"
                                        ],
                                        "Index Cond": "(mk.keyword_id = k.id)",
                                        "Rows Removed by Index Recheck": 0
                                      }
                                    ]
                                  },
                                  {
                                    "Node Type": "Index Scan",
                                    "Parent Relationship": "Inner",
                                    "Parallel Aware": false,
                                    "Async Capable": false,
                                    "Scan Direction": "Forward",
                                    "Index Name": "idx_title_id",
                                    "Relation Name": "title",
                                    "Schema": "public",
                                    "Alias": "t",
                                    "Startup Cost": 0.43,
                                    "Total Cost": 0.49,
                                    "Plan Rows": 1,
                                    "Plan Width": 21,
                                    "Actual Startup Time": 0.004,
                                    "Actual Total Time": 0.004,
                                    "Actual Rows": 0,
                                    "Actual Loops": 41840,
                                    "Output": [
                                      "t.id",
                                      "t.title",
                                      "t.imdb_index",
                                      "t.kind_id",
                                      "t.production_year",
                                      "t.imdb_id",
                                      "t.phonetic_code",
                                      "t.episode_of_id",
                                      "t.season_nr",
                                      "t.episode_nr",
                                      "t.series_years",
                                      "t.md5sum"
                                    ],
                                    "Index Cond": "(t.id = mk.movie_id)",
                                    "Rows Removed by Index Recheck": 0,
                                    "Filter": "(t.episode_nr < 100)",
                                    "Rows Removed by Filter": 1
                                  }
                                ]
                              },
                              {
                                "Node Type": "Index Scan",
                                "Parent Relationship": "Inner",
                                "Parallel Aware": false,
                                "Async Capable": false,
                                "Scan Direction": "Forward",
                                "Index Name": "idx_movie_companies_movie_id",
                                "Relation Name": "movie_companies",
                                "Schema": "public",
                                "Alias": "mc",
                                "Startup Cost": 0.43,
                                "Total Cost": 0.54,
                                "Plan Rows": 5,
                                "Plan Width": 8,
                                "Actual Startup Time": 0.003,
                                "Actual Total Time": 0.005,
                                "Actual Rows": 2,
                                "Actual Loops": 6926,
                                "Output": [
                                  "mc.id",
                                  "mc.movie_id",
                                  "mc.company_id",
                                  "mc.company_type_id",
                                  "mc.note"
                                ],
                                "Index Cond": "(mc.movie_id = mk.movie_id)",
                                "Rows Removed by Index Recheck": 0
                              }
                            ]
                          },
                          {
                            "Node Type": "Index Scan",
                            "Parent Relationship": "Inner",
                            "Parallel Aware": false,
                            "Async Capable": false,
                            "Scan Direction": "Forward",
                            "Index Name": "idx_company_name_id",
                            "Relation Name": "company_name",
                            "Schema": "public",
                            "Alias": "cn",
                            "Startup Cost": 0.42,
                            "Total Cost": 0.45,
                            "Plan Rows": 1,
                            "Plan Width": 4,
                            "Actual Startup Time": 0.003,
                            "Actual Total Time": 0.003,
                            "Actual Rows": 1,
                            "Actual Loops": 11406,
                            "Output": [
                              "cn.id",
                              "cn.name",
                              "cn.country_code",
                              "cn.imdb_id",
                              "cn.name_pcode_nf",
                              "cn.name_pcode_sf",
                              "cn.md5sum"
                            ],
                            "Index Cond": "(cn.id = mc.company_id)",
                            "Rows Removed by Index Recheck": 0,
                            "Filter": "((cn.country_code)::text = '[us]'::text)",
                            "Rows Removed by Filter": 0
                          }
                        ]
                      },
                      {
                        "Node Type": "Index Scan",
                        "Parent Relationship": "Inner",
                        "Parallel Aware": false,
                        "Async Capable": false,
                        "Scan Direction": "Forward",
                        "Index Name": "idx_cast_info_movie_id",
                        "Relation Name": "cast_info",
                        "Schema": "public",
                        "Alias": "ci",
                        "Startup Cost": 0.44,
                        "Total Cost": 1.36,
                        "Plan Rows": 38,
                        "Plan Width": 8,
                        "Actual Startup Time": 0.005,
                        "Actual Total Time": 0.04,
                        "Actual Rows": 26,
                        "Actual Loops": 8538,
                        "Output": [
                          "ci.id",
                          "ci.person_id",
                          "ci.movie_id",
                          "ci.person_role_id",
                          "ci.note",
                          "ci.nr_order",
                          "ci.role_id"
                        ],
                        "Index Cond": "(ci.movie_id = mk.movie_id)",
                        "Rows Removed by Index Recheck": 0
                      }
                    ]
                  },
                  {
                    "Node Type": "Index Only Scan",
                    "Parent Relationship": "Inner",
                    "Parallel Aware": false,
                    "Async Capable": false,
                    "Scan Direction": "Forward",
                    "Index Name": "idx_name_id",
                    "Relation Name": "name",
                    "Schema": "public",
                    "Alias": "n",
                    "Startup Cost": 0.43,
                    "Total Cost": 0.45,
                    "Plan Rows": 1,
                    "Plan Width": 4,
                    "Actual Startup Time": 0.003,
                    "Actual Total Time": 0.003,
                    "Actual Rows": 1,
                    "Actual Loops": 221609,
                    "Output": [
                      "n.id"
                    ],
                    "Index Cond": "(n.id = ci.person_id)",
                    "Rows Removed by Index Recheck": 0,
                    "Heap Fetches": 0
                  }
                ]
              }
            ]
          }
        ]
      }
    ]
  },
  "Planning Time": 14.189,
  "Triggers": [],
  "JIT": {
    "Functions": 48,
    "Options": {
      "Inlining": false,
      "Optimization": false,
      "Expressions": true,
      "Deforming": true
    },
    "Timing": {
      "Generation": 3.436,
      "Inlining": 0.0,
      "Optimization": 1.217,
      "Emission": 39.038,
      "Total": 43.692
    }
  },
  "Execution Time": 2043.748
}